2020-07-16 12:29:09,264 INFO o.s.t.c.s.AbstractTestContextBootstrapper [Test worker] Neither @ContextConfiguration nor @ContextHierarchy found for test class [CSCI5308.GroupFormationTool.Course.CourseControllerTest], using SpringBootContextLoader
2020-07-16 12:29:09,292 INFO o.s.t.c.s.AbstractContextLoader [Test worker] Could not detect default resource locations for test class [CSCI5308.GroupFormationTool.Course.CourseControllerTest]: no resource found for suffixes {-context.xml, Context.groovy}.
2020-07-16 12:29:09,296 INFO o.s.t.c.s.AnnotationConfigContextLoaderUtils [Test worker] Could not detect default configuration classes for test class [CSCI5308.GroupFormationTool.Course.CourseControllerTest]: CourseControllerTest does not declare any static, non-private, non-final, nested classes annotated with @Configuration.
2020-07-16 12:29:09,728 INFO o.s.b.t.c.SpringBootTestContextBootstrapper [Test worker] Found @SpringBootConfiguration CSCI5308.GroupFormationTool.GroupFormationToolApplication for test class CSCI5308.GroupFormationTool.Course.CourseControllerTest
2020-07-16 12:29:10,006 INFO o.s.t.c.s.AbstractTestContextBootstrapper [Test worker] Loaded default TestExecutionListener class names from location [META-INF/spring.factories]: [org.springframework.security.test.context.support.WithSecurityContextTestExecutionListener, org.springframework.security.test.context.support.ReactorContextTestExecutionListener, org.springframework.boot.test.autoconfigure.restdocs.RestDocsTestExecutionListener, org.springframework.boot.test.autoconfigure.web.client.MockRestServiceServerResetTestExecutionListener, org.springframework.boot.test.autoconfigure.web.servlet.MockMvcPrintOnlyOnFailureTestExecutionListener, org.springframework.boot.test.autoconfigure.web.servlet.WebDriverTestExecutionListener, org.springframework.boot.test.mock.mockito.MockitoTestExecutionListener, org.springframework.boot.test.mock.mockito.ResetMocksTestExecutionListener, org.springframework.test.context.web.ServletTestExecutionListener, org.springframework.test.context.support.DirtiesContextBeforeModesTestExecutionListener, org.springframework.test.context.support.DependencyInjectionTestExecutionListener, org.springframework.test.context.support.DirtiesContextTestExecutionListener, org.springframework.test.context.transaction.TransactionalTestExecutionListener, org.springframework.test.context.jdbc.SqlScriptsTestExecutionListener, org.springframework.test.context.event.EventPublishingTestExecutionListener]
2020-07-16 12:29:10,066 INFO o.s.t.c.s.AbstractTestContextBootstrapper [Test worker] Using TestExecutionListeners: [org.springframework.test.context.web.ServletTestExecutionListener@357c6380, org.springframework.test.context.support.DirtiesContextBeforeModesTestExecutionListener@3599f4b5, org.springframework.boot.test.mock.mockito.MockitoTestExecutionListener@7607551d, org.springframework.boot.test.autoconfigure.SpringBootDependencyInjectionTestExecutionListener@75b55a76, org.springframework.test.context.support.DirtiesContextTestExecutionListener@23034723, org.springframework.security.test.context.support.WithSecurityContextTestExecutionListener@594523aa, org.springframework.test.context.event.EventPublishingTestExecutionListener@15263a22, org.springframework.security.test.context.support.ReactorContextTestExecutionListener@4a1fa41a, org.springframework.boot.test.autoconfigure.restdocs.RestDocsTestExecutionListener@731cd825, org.springframework.boot.test.autoconfigure.web.client.MockRestServiceServerResetTestExecutionListener@334ed9f, org.springframework.boot.test.autoconfigure.web.servlet.MockMvcPrintOnlyOnFailureTestExecutionListener@276720f1, org.springframework.boot.test.autoconfigure.web.servlet.WebDriverTestExecutionListener@106f6f73, org.springframework.boot.test.mock.mockito.ResetMocksTestExecutionListener@5a740ab]
2020-07-16 12:29:10,940 INFO o.s.b.StartupInfoLogger [Test worker] Starting CourseControllerTest on DESKTOP-IHKQMUB with PID 3508 (started by Harsh in D:\Project Works\Web\Github\Group formation tool\Git Repo2\group9)
2020-07-16 12:29:10,966 INFO o.s.b.SpringApplication [Test worker] No active profile set, falling back to default profiles: default
2020-07-16 12:29:11,499 WARN o.s.c.s.AbstractApplicationContext [Test worker] Exception encountered during context initialization - cancelling refresh attempt: org.springframework.beans.factory.BeanDefinitionStoreException: Failed to read candidate component class: file [D:\Project Works\Web\Github\Group formation tool\Git Repo2\group9\build\classes\java\main\CSCI5308\GroupFormationTool\Course\CourseService.class]; nested exception is java.lang.NullPointerException
2020-07-16 12:29:11,987 ERROR o.s.b.SpringApplication [Test worker] Application run failed
org.springframework.beans.factory.BeanDefinitionStoreException: Failed to read candidate component class: file [D:\Project Works\Web\Github\Group formation tool\Git Repo2\group9\build\classes\java\main\CSCI5308\GroupFormationTool\Course\CourseService.class]; nested exception is java.lang.NullPointerException
	at org.springframework.context.annotation.ClassPathScanningCandidateComponentProvider.scanCandidateComponents(ClassPathScanningCandidateComponentProvider.java:452) ~[spring-context-5.2.6.RELEASE.jar:5.2.6.RELEASE]
	at org.springframework.context.annotation.ClassPathScanningCandidateComponentProvider.findCandidateComponents(ClassPathScanningCandidateComponentProvider.java:315) ~[spring-context-5.2.6.RELEASE.jar:5.2.6.RELEASE]
	at org.springframework.context.annotation.ClassPathBeanDefinitionScanner.doScan(ClassPathBeanDefinitionScanner.java:276) ~[spring-context-5.2.6.RELEASE.jar:5.2.6.RELEASE]
	at org.springframework.context.annotation.ComponentScanAnnotationParser.parse(ComponentScanAnnotationParser.java:132) ~[spring-context-5.2.6.RELEASE.jar:5.2.6.RELEASE]
	at org.springframework.context.annotation.ConfigurationClassParser.doProcessConfigurationClass(ConfigurationClassParser.java:295) ~[spring-context-5.2.6.RELEASE.jar:5.2.6.RELEASE]
	at org.springframework.context.annotation.ConfigurationClassParser.processConfigurationClass(ConfigurationClassParser.java:249) ~[spring-context-5.2.6.RELEASE.jar:5.2.6.RELEASE]
	at org.springframework.context.annotation.ConfigurationClassParser.parse(ConfigurationClassParser.java:206) ~[spring-context-5.2.6.RELEASE.jar:5.2.6.RELEASE]
	at org.springframework.context.annotation.ConfigurationClassParser.parse(ConfigurationClassParser.java:174) ~[spring-context-5.2.6.RELEASE.jar:5.2.6.RELEASE]
	at org.springframework.context.annotation.ConfigurationClassPostProcessor.processConfigBeanDefinitions(ConfigurationClassPostProcessor.java:319) ~[spring-context-5.2.6.RELEASE.jar:5.2.6.RELEASE]
	at org.springframework.context.annotation.ConfigurationClassPostProcessor.postProcessBeanDefinitionRegistry(ConfigurationClassPostProcessor.java:236) ~[spring-context-5.2.6.RELEASE.jar:5.2.6.RELEASE]
	at org.springframework.context.support.PostProcessorRegistrationDelegate.invokeBeanDefinitionRegistryPostProcessors(PostProcessorRegistrationDelegate.java:280) ~[spring-context-5.2.6.RELEASE.jar:5.2.6.RELEASE]
	at org.springframework.context.support.PostProcessorRegistrationDelegate.invokeBeanFactoryPostProcessors(PostProcessorRegistrationDelegate.java:96) ~[spring-context-5.2.6.RELEASE.jar:5.2.6.RELEASE]
	at org.springframework.context.support.AbstractApplicationContext.invokeBeanFactoryPostProcessors(AbstractApplicationContext.java:706) ~[spring-context-5.2.6.RELEASE.jar:5.2.6.RELEASE]
	at org.springframework.context.support.AbstractApplicationContext.refresh(AbstractApplicationContext.java:532) ~[spring-context-5.2.6.RELEASE.jar:5.2.6.RELEASE]
	at org.springframework.boot.SpringApplication.refresh(SpringApplication.java:747) ~[spring-boot-2.2.7.RELEASE.jar:2.2.7.RELEASE]
	at org.springframework.boot.SpringApplication.refreshContext(SpringApplication.java:397) ~[spring-boot-2.2.7.RELEASE.jar:2.2.7.RELEASE]
	at org.springframework.boot.SpringApplication.run(SpringApplication.java:315) ~[spring-boot-2.2.7.RELEASE.jar:2.2.7.RELEASE]
	at org.springframework.boot.test.context.SpringBootContextLoader.loadContext(SpringBootContextLoader.java:124) ~[spring-boot-test-2.2.7.RELEASE.jar:2.2.7.RELEASE]
	at org.springframework.test.context.cache.DefaultCacheAwareContextLoaderDelegate.loadContextInternal(DefaultCacheAwareContextLoaderDelegate.java:99) ~[spring-test-5.2.6.RELEASE.jar:5.2.6.RELEASE]
	at org.springframework.test.context.cache.DefaultCacheAwareContextLoaderDelegate.loadContext(DefaultCacheAwareContextLoaderDelegate.java:124) ~[spring-test-5.2.6.RELEASE.jar:5.2.6.RELEASE]
	at org.springframework.test.context.support.DefaultTestContext.getApplicationContext(DefaultTestContext.java:123) ~[spring-test-5.2.6.RELEASE.jar:5.2.6.RELEASE]
	at org.springframework.test.context.web.ServletTestExecutionListener.setUpRequestContextIfNecessary(ServletTestExecutionListener.java:190) ~[spring-test-5.2.6.RELEASE.jar:5.2.6.RELEASE]
	at org.springframework.test.context.web.ServletTestExecutionListener.prepareTestInstance(ServletTestExecutionListener.java:132) ~[spring-test-5.2.6.RELEASE.jar:5.2.6.RELEASE]
	at org.springframework.test.context.TestContextManager.prepareTestInstance(TestContextManager.java:244) ~[spring-test-5.2.6.RELEASE.jar:5.2.6.RELEASE]
	at org.springframework.test.context.junit.jupiter.SpringExtension.postProcessTestInstance(SpringExtension.java:98) ~[spring-test-5.2.6.RELEASE.jar:5.2.6.RELEASE]
	at org.junit.jupiter.engine.descriptor.ClassTestDescriptor.lambda$invokeTestInstancePostProcessors$6(ClassTestDescriptor.java:352) ~[junit-jupiter-engine-5.4.2.jar:5.4.2]
	at org.junit.jupiter.engine.descriptor.JupiterTestDescriptor.executeAndMaskThrowable(JupiterTestDescriptor.java:204) ~[junit-jupiter-engine-5.4.2.jar:5.4.2]
	at org.junit.jupiter.engine.descriptor.ClassTestDescriptor.lambda$invokeTestInstancePostProcessors$7(ClassTestDescriptor.java:352) ~[junit-jupiter-engine-5.4.2.jar:5.4.2]
	at java.util.stream.ReferencePipeline$3$1.accept(ReferencePipeline.java:193) ~[?:1.8.0_102]
	at java.util.stream.ReferencePipeline$2$1.accept(ReferencePipeline.java:175) ~[?:1.8.0_102]
	at java.util.ArrayList$ArrayListSpliterator.forEachRemaining(ArrayList.java:1374) ~[?:1.8.0_102]
	at java.util.stream.AbstractPipeline.copyInto(AbstractPipeline.java:481) ~[?:1.8.0_102]
	at java.util.stream.AbstractPipeline.wrapAndCopyInto(AbstractPipeline.java:471) ~[?:1.8.0_102]
	at java.util.stream.StreamSpliterators$WrappingSpliterator.forEachRemaining(StreamSpliterators.java:312) ~[?:1.8.0_102]
	at java.util.stream.Streams$ConcatSpliterator.forEachRemaining(Streams.java:743) ~[?:1.8.0_102]
	at java.util.stream.Streams$ConcatSpliterator.forEachRemaining(Streams.java:742) ~[?:1.8.0_102]
	at java.util.stream.ReferencePipeline$Head.forEach(ReferencePipeline.java:580) ~[?:1.8.0_102]
	at org.junit.jupiter.engine.descriptor.ClassTestDescriptor.invokeTestInstancePostProcessors(ClassTestDescriptor.java:351) ~[junit-jupiter-engine-5.4.2.jar:5.4.2]
	at org.junit.jupiter.engine.descriptor.ClassTestDescriptor.instantiateAndPostProcessTestInstance(ClassTestDescriptor.java:270) ~[junit-jupiter-engine-5.4.2.jar:5.4.2]
	at org.junit.jupiter.engine.descriptor.ClassTestDescriptor.lambda$testInstancesProvider$2(ClassTestDescriptor.java:259) ~[junit-jupiter-engine-5.4.2.jar:5.4.2]
	at org.junit.jupiter.engine.descriptor.ClassTestDescriptor.lambda$testInstancesProvider$3(ClassTestDescriptor.java:263) ~[junit-jupiter-engine-5.4.2.jar:5.4.2]
	at java.util.Optional.orElseGet(Optional.java:267) ~[?:1.8.0_102]
	at org.junit.jupiter.engine.descriptor.ClassTestDescriptor.lambda$testInstancesProvider$4(ClassTestDescriptor.java:262) ~[junit-jupiter-engine-5.4.2.jar:5.4.2]
	at org.junit.jupiter.engine.descriptor.TestMethodTestDescriptor.lambda$prepare$0(TestMethodTestDescriptor.java:98) ~[junit-jupiter-engine-5.4.2.jar:5.4.2]
	at org.junit.platform.engine.support.hierarchical.ThrowableCollector.execute(ThrowableCollector.java:73) ~[junit-platform-engine-1.5.2.jar:1.5.2]
	at org.junit.jupiter.engine.descriptor.TestMethodTestDescriptor.prepare(TestMethodTestDescriptor.java:97) ~[junit-jupiter-engine-5.4.2.jar:5.4.2]
	at org.junit.jupiter.engine.descriptor.TestMethodTestDescriptor.prepare(TestMethodTestDescriptor.java:68) ~[junit-jupiter-engine-5.4.2.jar:5.4.2]
	at org.junit.platform.engine.support.hierarchical.NodeTestTask.lambda$prepare$1(NodeTestTask.java:107) ~[junit-platform-engine-1.5.2.jar:1.5.2]
	at org.junit.platform.engine.support.hierarchical.ThrowableCollector.execute(ThrowableCollector.java:73) ~[junit-platform-engine-1.5.2.jar:1.5.2]
	at org.junit.platform.engine.support.hierarchical.NodeTestTask.prepare(NodeTestTask.java:107) ~[junit-platform-engine-1.5.2.jar:1.5.2]
	at org.junit.platform.engine.support.hierarchical.NodeTestTask.execute(NodeTestTask.java:75) ~[junit-platform-engine-1.5.2.jar:1.5.2]
	at java.util.ArrayList.forEach(ArrayList.java:1249) ~[?:1.8.0_102]
	at org.junit.platform.engine.support.hierarchical.SameThreadHierarchicalTestExecutorService.invokeAll(SameThreadHierarchicalTestExecutorService.java:38) ~[junit-platform-engine-1.5.2.jar:1.5.2]
	at org.junit.platform.engine.support.hierarchical.NodeTestTask.lambda$executeRecursively$5(NodeTestTask.java:139) ~[junit-platform-engine-1.5.2.jar:1.5.2]
	at org.junit.platform.engine.support.hierarchical.ThrowableCollector.execute(ThrowableCollector.java:73) ~[junit-platform-engine-1.5.2.jar:1.5.2]
	at org.junit.platform.engine.support.hierarchical.NodeTestTask.lambda$executeRecursively$7(NodeTestTask.java:125) ~[junit-platform-engine-1.5.2.jar:1.5.2]
	at org.junit.platform.engine.support.hierarchical.Node.around(Node.java:135) ~[junit-platform-engine-1.5.2.jar:1.5.2]
	at org.junit.platform.engine.support.hierarchical.NodeTestTask.lambda$executeRecursively$8(NodeTestTask.java:123) ~[junit-platform-engine-1.5.2.jar:1.5.2]
	at org.junit.platform.engine.support.hierarchical.ThrowableCollector.execute(ThrowableCollector.java:73) ~[junit-platform-engine-1.5.2.jar:1.5.2]
	at org.junit.platform.engine.support.hierarchical.NodeTestTask.executeRecursively(NodeTestTask.java:122) ~[junit-platform-engine-1.5.2.jar:1.5.2]
	at org.junit.platform.engine.support.hierarchical.NodeTestTask.execute(NodeTestTask.java:80) ~[junit-platform-engine-1.5.2.jar:1.5.2]
	at java.util.ArrayList.forEach(ArrayList.java:1249) ~[?:1.8.0_102]
	at org.junit.platform.engine.support.hierarchical.SameThreadHierarchicalTestExecutorService.invokeAll(SameThreadHierarchicalTestExecutorService.java:38) ~[junit-platform-engine-1.5.2.jar:1.5.2]
	at org.junit.platform.engine.support.hierarchical.NodeTestTask.lambda$executeRecursively$5(NodeTestTask.java:139) ~[junit-platform-engine-1.5.2.jar:1.5.2]
	at org.junit.platform.engine.support.hierarchical.ThrowableCollector.execute(ThrowableCollector.java:73) ~[junit-platform-engine-1.5.2.jar:1.5.2]
	at org.junit.platform.engine.support.hierarchical.NodeTestTask.lambda$executeRecursively$7(NodeTestTask.java:125) ~[junit-platform-engine-1.5.2.jar:1.5.2]
	at org.junit.platform.engine.support.hierarchical.Node.around(Node.java:135) ~[junit-platform-engine-1.5.2.jar:1.5.2]
	at org.junit.platform.engine.support.hierarchical.NodeTestTask.lambda$executeRecursively$8(NodeTestTask.java:123) ~[junit-platform-engine-1.5.2.jar:1.5.2]
	at org.junit.platform.engine.support.hierarchical.ThrowableCollector.execute(ThrowableCollector.java:73) ~[junit-platform-engine-1.5.2.jar:1.5.2]
	at org.junit.platform.engine.support.hierarchical.NodeTestTask.executeRecursively(NodeTestTask.java:122) ~[junit-platform-engine-1.5.2.jar:1.5.2]
	at org.junit.platform.engine.support.hierarchical.NodeTestTask.execute(NodeTestTask.java:80) ~[junit-platform-engine-1.5.2.jar:1.5.2]
	at org.junit.platform.engine.support.hierarchical.SameThreadHierarchicalTestExecutorService.submit(SameThreadHierarchicalTestExecutorService.java:32) ~[junit-platform-engine-1.5.2.jar:1.5.2]
	at org.junit.platform.engine.support.hierarchical.HierarchicalTestExecutor.execute(HierarchicalTestExecutor.java:57) ~[junit-platform-engine-1.5.2.jar:1.5.2]
	at org.junit.platform.engine.support.hierarchical.HierarchicalTestEngine.execute(HierarchicalTestEngine.java:51) ~[junit-platform-engine-1.5.2.jar:1.5.2]
	at org.junit.platform.launcher.core.DefaultLauncher.execute(DefaultLauncher.java:220) ~[junit-platform-launcher-1.3.2.jar:1.3.2]
	at org.junit.platform.launcher.core.DefaultLauncher.lambda$execute$6(DefaultLauncher.java:188) ~[junit-platform-launcher-1.3.2.jar:1.3.2]
	at org.junit.platform.launcher.core.DefaultLauncher.withInterceptedStreams(DefaultLauncher.java:202) [junit-platform-launcher-1.3.2.jar:1.3.2]
	at org.junit.platform.launcher.core.DefaultLauncher.execute(DefaultLauncher.java:181) [junit-platform-launcher-1.3.2.jar:1.3.2]
	at org.junit.platform.launcher.core.DefaultLauncher.execute(DefaultLauncher.java:128) [junit-platform-launcher-1.3.2.jar:1.3.2]
	at org.gradle.api.internal.tasks.testing.junitplatform.JUnitPlatformTestClassProcessor$CollectAllTestClassesExecutor.processAllTestClasses(JUnitPlatformTestClassProcessor.java:99) [gradle-testing-junit-platform-6.3.jar:6.3]
	at org.gradle.api.internal.tasks.testing.junitplatform.JUnitPlatformTestClassProcessor$CollectAllTestClassesExecutor.access$000(JUnitPlatformTestClassProcessor.java:79) [gradle-testing-junit-platform-6.3.jar:6.3]
	at org.gradle.api.internal.tasks.testing.junitplatform.JUnitPlatformTestClassProcessor.stop(JUnitPlatformTestClassProcessor.java:75) [gradle-testing-junit-platform-6.3.jar:6.3]
	at org.gradle.api.internal.tasks.testing.SuiteTestClassProcessor.stop(SuiteTestClassProcessor.java:61) [gradle-testing-base-6.3.jar:6.3]
	at sun.reflect.NativeMethodAccessorImpl.invoke0(Native Method) ~[?:1.8.0_102]
	at sun.reflect.NativeMethodAccessorImpl.invoke(NativeMethodAccessorImpl.java:62) ~[?:1.8.0_102]
	at sun.reflect.DelegatingMethodAccessorImpl.invoke(DelegatingMethodAccessorImpl.java:43) ~[?:1.8.0_102]
	at java.lang.reflect.Method.invoke(Method.java:498) ~[?:1.8.0_102]
	at org.gradle.internal.dispatch.ReflectionDispatch.dispatch(ReflectionDispatch.java:36) [gradle-messaging-6.3.jar:6.3]
	at org.gradle.internal.dispatch.ReflectionDispatch.dispatch(ReflectionDispatch.java:24) [gradle-messaging-6.3.jar:6.3]
	at org.gradle.internal.dispatch.ContextClassLoaderDispatch.dispatch(ContextClassLoaderDispatch.java:33) [gradle-messaging-6.3.jar:6.3]
	at org.gradle.internal.dispatch.ProxyDispatchAdapter$DispatchingInvocationHandler.invoke(ProxyDispatchAdapter.java:94) [gradle-messaging-6.3.jar:6.3]
	at com.sun.proxy.$Proxy2.stop(Unknown Source) [?:?]
	at org.gradle.api.internal.tasks.testing.worker.TestWorker.stop(TestWorker.java:132) [gradle-testing-base-6.3.jar:6.3]
	at sun.reflect.NativeMethodAccessorImpl.invoke0(Native Method) ~[?:1.8.0_102]
	at sun.reflect.NativeMethodAccessorImpl.invoke(NativeMethodAccessorImpl.java:62) ~[?:1.8.0_102]
	at sun.reflect.DelegatingMethodAccessorImpl.invoke(DelegatingMethodAccessorImpl.java:43) ~[?:1.8.0_102]
	at java.lang.reflect.Method.invoke(Method.java:498) ~[?:1.8.0_102]
	at org.gradle.internal.dispatch.ReflectionDispatch.dispatch(ReflectionDispatch.java:36) [gradle-messaging-6.3.jar:6.3]
	at org.gradle.internal.dispatch.ReflectionDispatch.dispatch(ReflectionDispatch.java:24) [gradle-messaging-6.3.jar:6.3]
	at org.gradle.internal.remote.internal.hub.MessageHubBackedObjectConnection$DispatchWrapper.dispatch(MessageHubBackedObjectConnection.java:182) [gradle-messaging-6.3.jar:6.3]
	at org.gradle.internal.remote.internal.hub.MessageHubBackedObjectConnection$DispatchWrapper.dispatch(MessageHubBackedObjectConnection.java:164) [gradle-messaging-6.3.jar:6.3]
	at org.gradle.internal.remote.internal.hub.MessageHub$Handler.run(MessageHub.java:412) [gradle-messaging-6.3.jar:6.3]
	at org.gradle.internal.concurrent.ExecutorPolicy$CatchAndRecordFailures.onExecute(ExecutorPolicy.java:64) [gradle-base-services-6.3.jar:6.3]
	at org.gradle.internal.concurrent.ManagedExecutorImpl$1.run(ManagedExecutorImpl.java:48) [gradle-base-services-6.3.jar:6.3]
	at java.util.concurrent.ThreadPoolExecutor.runWorker(ThreadPoolExecutor.java:1142) [?:1.8.0_102]
	at java.util.concurrent.ThreadPoolExecutor$Worker.run(ThreadPoolExecutor.java:617) [?:1.8.0_102]
	at org.gradle.internal.concurrent.ThreadFactoryImpl$ManagedThreadRunnable.run(ThreadFactoryImpl.java:56) [gradle-base-services-6.3.jar:6.3]
	at java.lang.Thread.run(Thread.java:745) [?:1.8.0_102]
Caused by: java.lang.NullPointerException
	at com.intellij.rt.coverage.data.ProjectData.touchLine(ProjectData.java:239) ~[?:?]
	at org.springframework.core.type.classreading.SimpleMethodMetadataReadingVisitor.<init>(SimpleMethodMetadataReadingVisitor.java:61) ~[spring-core-5.2.6.RELEASE.jar:5.2.6.RELEASE]
	at org.springframework.core.type.classreading.SimpleAnnotationMetadataReadingVisitor.visitMethod(SimpleAnnotationMetadataReadingVisitor.java:135) ~[spring-core-5.2.6.RELEASE.jar:5.2.6.RELEASE]
	at org.springframework.asm.ClassReader.readMethod(ClassReader.java:1333) ~[spring-core-5.2.6.RELEASE.jar:5.2.6.RELEASE]
	at org.springframework.asm.ClassReader.accept(ClassReader.java:718) ~[spring-core-5.2.6.RELEASE.jar:5.2.6.RELEASE]
	at org.springframework.asm.ClassReader.accept(ClassReader.java:401) ~[spring-core-5.2.6.RELEASE.jar:5.2.6.RELEASE]
	at org.springframework.core.type.classreading.SimpleMetadataReader.<init>(SimpleMetadataReader.java:49) ~[spring-core-5.2.6.RELEASE.jar:5.2.6.RELEASE]
	at org.springframework.core.type.classreading.SimpleMetadataReaderFactory.getMetadataReader(SimpleMetadataReaderFactory.java:103) ~[spring-core-5.2.6.RELEASE.jar:5.2.6.RELEASE]
	at org.springframework.core.type.classreading.CachingMetadataReaderFactory.getMetadataReader(CachingMetadataReaderFactory.java:123) ~[spring-core-5.2.6.RELEASE.jar:5.2.6.RELEASE]
	at org.springframework.context.annotation.ClassPathScanningCandidateComponentProvider.scanCandidateComponents(ClassPathScanningCandidateComponentProvider.java:429) ~[spring-context-5.2.6.RELEASE.jar:5.2.6.RELEASE]
	... 107 more
2020-07-16 12:29:12,266 ERROR o.s.t.c.TestContextManager [Test worker] Caught exception while allowing TestExecutionListener [org.springframework.test.context.web.ServletTestExecutionListener@357c6380] to prepare test instance [CSCI5308.GroupFormationTool.Course.CourseControllerTest@50df9af6]
java.lang.IllegalStateException: Failed to load ApplicationContext
	at org.springframework.test.context.cache.DefaultCacheAwareContextLoaderDelegate.loadContext(DefaultCacheAwareContextLoaderDelegate.java:132) ~[spring-test-5.2.6.RELEASE.jar:5.2.6.RELEASE]
	at org.springframework.test.context.support.DefaultTestContext.getApplicationContext(DefaultTestContext.java:123) ~[spring-test-5.2.6.RELEASE.jar:5.2.6.RELEASE]
	at org.springframework.test.context.web.ServletTestExecutionListener.setUpRequestContextIfNecessary(ServletTestExecutionListener.java:190) ~[spring-test-5.2.6.RELEASE.jar:5.2.6.RELEASE]
	at org.springframework.test.context.web.ServletTestExecutionListener.prepareTestInstance(ServletTestExecutionListener.java:132) ~[spring-test-5.2.6.RELEASE.jar:5.2.6.RELEASE]
	at org.springframework.test.context.TestContextManager.prepareTestInstance(TestContextManager.java:244) ~[spring-test-5.2.6.RELEASE.jar:5.2.6.RELEASE]
	at org.springframework.test.context.junit.jupiter.SpringExtension.postProcessTestInstance(SpringExtension.java:98) ~[spring-test-5.2.6.RELEASE.jar:5.2.6.RELEASE]
	at org.junit.jupiter.engine.descriptor.ClassTestDescriptor.lambda$invokeTestInstancePostProcessors$6(ClassTestDescriptor.java:352) ~[junit-jupiter-engine-5.4.2.jar:5.4.2]
	at org.junit.jupiter.engine.descriptor.JupiterTestDescriptor.executeAndMaskThrowable(JupiterTestDescriptor.java:204) ~[junit-jupiter-engine-5.4.2.jar:5.4.2]
	at org.junit.jupiter.engine.descriptor.ClassTestDescriptor.lambda$invokeTestInstancePostProcessors$7(ClassTestDescriptor.java:352) ~[junit-jupiter-engine-5.4.2.jar:5.4.2]
	at java.util.stream.ReferencePipeline$3$1.accept(ReferencePipeline.java:193) ~[?:1.8.0_102]
	at java.util.stream.ReferencePipeline$2$1.accept(ReferencePipeline.java:175) ~[?:1.8.0_102]
	at java.util.ArrayList$ArrayListSpliterator.forEachRemaining(ArrayList.java:1374) ~[?:1.8.0_102]
	at java.util.stream.AbstractPipeline.copyInto(AbstractPipeline.java:481) ~[?:1.8.0_102]
	at java.util.stream.AbstractPipeline.wrapAndCopyInto(AbstractPipeline.java:471) ~[?:1.8.0_102]
	at java.util.stream.StreamSpliterators$WrappingSpliterator.forEachRemaining(StreamSpliterators.java:312) ~[?:1.8.0_102]
	at java.util.stream.Streams$ConcatSpliterator.forEachRemaining(Streams.java:743) ~[?:1.8.0_102]
	at java.util.stream.Streams$ConcatSpliterator.forEachRemaining(Streams.java:742) ~[?:1.8.0_102]
	at java.util.stream.ReferencePipeline$Head.forEach(ReferencePipeline.java:580) ~[?:1.8.0_102]
	at org.junit.jupiter.engine.descriptor.ClassTestDescriptor.invokeTestInstancePostProcessors(ClassTestDescriptor.java:351) ~[junit-jupiter-engine-5.4.2.jar:5.4.2]
	at org.junit.jupiter.engine.descriptor.ClassTestDescriptor.instantiateAndPostProcessTestInstance(ClassTestDescriptor.java:270) ~[junit-jupiter-engine-5.4.2.jar:5.4.2]
	at org.junit.jupiter.engine.descriptor.ClassTestDescriptor.lambda$testInstancesProvider$2(ClassTestDescriptor.java:259) ~[junit-jupiter-engine-5.4.2.jar:5.4.2]
	at org.junit.jupiter.engine.descriptor.ClassTestDescriptor.lambda$testInstancesProvider$3(ClassTestDescriptor.java:263) ~[junit-jupiter-engine-5.4.2.jar:5.4.2]
	at java.util.Optional.orElseGet(Optional.java:267) ~[?:1.8.0_102]
	at org.junit.jupiter.engine.descriptor.ClassTestDescriptor.lambda$testInstancesProvider$4(ClassTestDescriptor.java:262) ~[junit-jupiter-engine-5.4.2.jar:5.4.2]
	at org.junit.jupiter.engine.descriptor.TestMethodTestDescriptor.lambda$prepare$0(TestMethodTestDescriptor.java:98) ~[junit-jupiter-engine-5.4.2.jar:5.4.2]
	at org.junit.platform.engine.support.hierarchical.ThrowableCollector.execute(ThrowableCollector.java:73) ~[junit-platform-engine-1.5.2.jar:1.5.2]
	at org.junit.jupiter.engine.descriptor.TestMethodTestDescriptor.prepare(TestMethodTestDescriptor.java:97) ~[junit-jupiter-engine-5.4.2.jar:5.4.2]
	at org.junit.jupiter.engine.descriptor.TestMethodTestDescriptor.prepare(TestMethodTestDescriptor.java:68) ~[junit-jupiter-engine-5.4.2.jar:5.4.2]
	at org.junit.platform.engine.support.hierarchical.NodeTestTask.lambda$prepare$1(NodeTestTask.java:107) ~[junit-platform-engine-1.5.2.jar:1.5.2]
	at org.junit.platform.engine.support.hierarchical.ThrowableCollector.execute(ThrowableCollector.java:73) ~[junit-platform-engine-1.5.2.jar:1.5.2]
	at org.junit.platform.engine.support.hierarchical.NodeTestTask.prepare(NodeTestTask.java:107) ~[junit-platform-engine-1.5.2.jar:1.5.2]
	at org.junit.platform.engine.support.hierarchical.NodeTestTask.execute(NodeTestTask.java:75) ~[junit-platform-engine-1.5.2.jar:1.5.2]
	at java.util.ArrayList.forEach(ArrayList.java:1249) ~[?:1.8.0_102]
	at org.junit.platform.engine.support.hierarchical.SameThreadHierarchicalTestExecutorService.invokeAll(SameThreadHierarchicalTestExecutorService.java:38) ~[junit-platform-engine-1.5.2.jar:1.5.2]
	at org.junit.platform.engine.support.hierarchical.NodeTestTask.lambda$executeRecursively$5(NodeTestTask.java:139) ~[junit-platform-engine-1.5.2.jar:1.5.2]
	at org.junit.platform.engine.support.hierarchical.ThrowableCollector.execute(ThrowableCollector.java:73) ~[junit-platform-engine-1.5.2.jar:1.5.2]
	at org.junit.platform.engine.support.hierarchical.NodeTestTask.lambda$executeRecursively$7(NodeTestTask.java:125) ~[junit-platform-engine-1.5.2.jar:1.5.2]
	at org.junit.platform.engine.support.hierarchical.Node.around(Node.java:135) ~[junit-platform-engine-1.5.2.jar:1.5.2]
	at org.junit.platform.engine.support.hierarchical.NodeTestTask.lambda$executeRecursively$8(NodeTestTask.java:123) ~[junit-platform-engine-1.5.2.jar:1.5.2]
	at org.junit.platform.engine.support.hierarchical.ThrowableCollector.execute(ThrowableCollector.java:73) ~[junit-platform-engine-1.5.2.jar:1.5.2]
	at org.junit.platform.engine.support.hierarchical.NodeTestTask.executeRecursively(NodeTestTask.java:122) ~[junit-platform-engine-1.5.2.jar:1.5.2]
	at org.junit.platform.engine.support.hierarchical.NodeTestTask.execute(NodeTestTask.java:80) ~[junit-platform-engine-1.5.2.jar:1.5.2]
	at java.util.ArrayList.forEach(ArrayList.java:1249) ~[?:1.8.0_102]
	at org.junit.platform.engine.support.hierarchical.SameThreadHierarchicalTestExecutorService.invokeAll(SameThreadHierarchicalTestExecutorService.java:38) ~[junit-platform-engine-1.5.2.jar:1.5.2]
	at org.junit.platform.engine.support.hierarchical.NodeTestTask.lambda$executeRecursively$5(NodeTestTask.java:139) ~[junit-platform-engine-1.5.2.jar:1.5.2]
	at org.junit.platform.engine.support.hierarchical.ThrowableCollector.execute(ThrowableCollector.java:73) ~[junit-platform-engine-1.5.2.jar:1.5.2]
	at org.junit.platform.engine.support.hierarchical.NodeTestTask.lambda$executeRecursively$7(NodeTestTask.java:125) ~[junit-platform-engine-1.5.2.jar:1.5.2]
	at org.junit.platform.engine.support.hierarchical.Node.around(Node.java:135) ~[junit-platform-engine-1.5.2.jar:1.5.2]
	at org.junit.platform.engine.support.hierarchical.NodeTestTask.lambda$executeRecursively$8(NodeTestTask.java:123) ~[junit-platform-engine-1.5.2.jar:1.5.2]
	at org.junit.platform.engine.support.hierarchical.ThrowableCollector.execute(ThrowableCollector.java:73) ~[junit-platform-engine-1.5.2.jar:1.5.2]
	at org.junit.platform.engine.support.hierarchical.NodeTestTask.executeRecursively(NodeTestTask.java:122) ~[junit-platform-engine-1.5.2.jar:1.5.2]
	at org.junit.platform.engine.support.hierarchical.NodeTestTask.execute(NodeTestTask.java:80) ~[junit-platform-engine-1.5.2.jar:1.5.2]
	at org.junit.platform.engine.support.hierarchical.SameThreadHierarchicalTestExecutorService.submit(SameThreadHierarchicalTestExecutorService.java:32) ~[junit-platform-engine-1.5.2.jar:1.5.2]
	at org.junit.platform.engine.support.hierarchical.HierarchicalTestExecutor.execute(HierarchicalTestExecutor.java:57) ~[junit-platform-engine-1.5.2.jar:1.5.2]
	at org.junit.platform.engine.support.hierarchical.HierarchicalTestEngine.execute(HierarchicalTestEngine.java:51) ~[junit-platform-engine-1.5.2.jar:1.5.2]
	at org.junit.platform.launcher.core.DefaultLauncher.execute(DefaultLauncher.java:220) ~[junit-platform-launcher-1.3.2.jar:1.3.2]
	at org.junit.platform.launcher.core.DefaultLauncher.lambda$execute$6(DefaultLauncher.java:188) ~[junit-platform-launcher-1.3.2.jar:1.3.2]
	at org.junit.platform.launcher.core.DefaultLauncher.withInterceptedStreams(DefaultLauncher.java:202) [junit-platform-launcher-1.3.2.jar:1.3.2]
	at org.junit.platform.launcher.core.DefaultLauncher.execute(DefaultLauncher.java:181) [junit-platform-launcher-1.3.2.jar:1.3.2]
	at org.junit.platform.launcher.core.DefaultLauncher.execute(DefaultLauncher.java:128) [junit-platform-launcher-1.3.2.jar:1.3.2]
	at org.gradle.api.internal.tasks.testing.junitplatform.JUnitPlatformTestClassProcessor$CollectAllTestClassesExecutor.processAllTestClasses(JUnitPlatformTestClassProcessor.java:99) [gradle-testing-junit-platform-6.3.jar:6.3]
	at org.gradle.api.internal.tasks.testing.junitplatform.JUnitPlatformTestClassProcessor$CollectAllTestClassesExecutor.access$000(JUnitPlatformTestClassProcessor.java:79) [gradle-testing-junit-platform-6.3.jar:6.3]
	at org.gradle.api.internal.tasks.testing.junitplatform.JUnitPlatformTestClassProcessor.stop(JUnitPlatformTestClassProcessor.java:75) [gradle-testing-junit-platform-6.3.jar:6.3]
	at org.gradle.api.internal.tasks.testing.SuiteTestClassProcessor.stop(SuiteTestClassProcessor.java:61) [gradle-testing-base-6.3.jar:6.3]
	at sun.reflect.NativeMethodAccessorImpl.invoke0(Native Method) ~[?:1.8.0_102]
	at sun.reflect.NativeMethodAccessorImpl.invoke(NativeMethodAccessorImpl.java:62) ~[?:1.8.0_102]
	at sun.reflect.DelegatingMethodAccessorImpl.invoke(DelegatingMethodAccessorImpl.java:43) ~[?:1.8.0_102]
	at java.lang.reflect.Method.invoke(Method.java:498) ~[?:1.8.0_102]
	at org.gradle.internal.dispatch.ReflectionDispatch.dispatch(ReflectionDispatch.java:36) [gradle-messaging-6.3.jar:6.3]
	at org.gradle.internal.dispatch.ReflectionDispatch.dispatch(ReflectionDispatch.java:24) [gradle-messaging-6.3.jar:6.3]
	at org.gradle.internal.dispatch.ContextClassLoaderDispatch.dispatch(ContextClassLoaderDispatch.java:33) [gradle-messaging-6.3.jar:6.3]
	at org.gradle.internal.dispatch.ProxyDispatchAdapter$DispatchingInvocationHandler.invoke(ProxyDispatchAdapter.java:94) [gradle-messaging-6.3.jar:6.3]
	at com.sun.proxy.$Proxy2.stop(Unknown Source) [?:?]
	at org.gradle.api.internal.tasks.testing.worker.TestWorker.stop(TestWorker.java:132) [gradle-testing-base-6.3.jar:6.3]
	at sun.reflect.NativeMethodAccessorImpl.invoke0(Native Method) ~[?:1.8.0_102]
	at sun.reflect.NativeMethodAccessorImpl.invoke(NativeMethodAccessorImpl.java:62) ~[?:1.8.0_102]
	at sun.reflect.DelegatingMethodAccessorImpl.invoke(DelegatingMethodAccessorImpl.java:43) ~[?:1.8.0_102]
	at java.lang.reflect.Method.invoke(Method.java:498) ~[?:1.8.0_102]
	at org.gradle.internal.dispatch.ReflectionDispatch.dispatch(ReflectionDispatch.java:36) [gradle-messaging-6.3.jar:6.3]
	at org.gradle.internal.dispatch.ReflectionDispatch.dispatch(ReflectionDispatch.java:24) [gradle-messaging-6.3.jar:6.3]
	at org.gradle.internal.remote.internal.hub.MessageHubBackedObjectConnection$DispatchWrapper.dispatch(MessageHubBackedObjectConnection.java:182) [gradle-messaging-6.3.jar:6.3]
	at org.gradle.internal.remote.internal.hub.MessageHubBackedObjectConnection$DispatchWrapper.dispatch(MessageHubBackedObjectConnection.java:164) [gradle-messaging-6.3.jar:6.3]
	at org.gradle.internal.remote.internal.hub.MessageHub$Handler.run(MessageHub.java:412) [gradle-messaging-6.3.jar:6.3]
	at org.gradle.internal.concurrent.ExecutorPolicy$CatchAndRecordFailures.onExecute(ExecutorPolicy.java:64) [gradle-base-services-6.3.jar:6.3]
	at org.gradle.internal.concurrent.ManagedExecutorImpl$1.run(ManagedExecutorImpl.java:48) [gradle-base-services-6.3.jar:6.3]
	at java.util.concurrent.ThreadPoolExecutor.runWorker(ThreadPoolExecutor.java:1142) [?:1.8.0_102]
	at java.util.concurrent.ThreadPoolExecutor$Worker.run(ThreadPoolExecutor.java:617) [?:1.8.0_102]
	at org.gradle.internal.concurrent.ThreadFactoryImpl$ManagedThreadRunnable.run(ThreadFactoryImpl.java:56) [gradle-base-services-6.3.jar:6.3]
	at java.lang.Thread.run(Thread.java:745) [?:1.8.0_102]
Caused by: org.springframework.beans.factory.BeanDefinitionStoreException: Failed to read candidate component class: file [D:\Project Works\Web\Github\Group formation tool\Git Repo2\group9\build\classes\java\main\CSCI5308\GroupFormationTool\Course\CourseService.class]; nested exception is java.lang.NullPointerException
	at org.springframework.context.annotation.ClassPathScanningCandidateComponentProvider.scanCandidateComponents(ClassPathScanningCandidateComponentProvider.java:452) ~[spring-context-5.2.6.RELEASE.jar:5.2.6.RELEASE]
	at org.springframework.context.annotation.ClassPathScanningCandidateComponentProvider.findCandidateComponents(ClassPathScanningCandidateComponentProvider.java:315) ~[spring-context-5.2.6.RELEASE.jar:5.2.6.RELEASE]
	at org.springframework.context.annotation.ClassPathBeanDefinitionScanner.doScan(ClassPathBeanDefinitionScanner.java:276) ~[spring-context-5.2.6.RELEASE.jar:5.2.6.RELEASE]
	at org.springframework.context.annotation.ComponentScanAnnotationParser.parse(ComponentScanAnnotationParser.java:132) ~[spring-context-5.2.6.RELEASE.jar:5.2.6.RELEASE]
	at org.springframework.context.annotation.ConfigurationClassParser.doProcessConfigurationClass(ConfigurationClassParser.java:295) ~[spring-context-5.2.6.RELEASE.jar:5.2.6.RELEASE]
	at org.springframework.context.annotation.ConfigurationClassParser.processConfigurationClass(ConfigurationClassParser.java:249) ~[spring-context-5.2.6.RELEASE.jar:5.2.6.RELEASE]
	at org.springframework.context.annotation.ConfigurationClassParser.parse(ConfigurationClassParser.java:206) ~[spring-context-5.2.6.RELEASE.jar:5.2.6.RELEASE]
	at org.springframework.context.annotation.ConfigurationClassParser.parse(ConfigurationClassParser.java:174) ~[spring-context-5.2.6.RELEASE.jar:5.2.6.RELEASE]
	at org.springframework.context.annotation.ConfigurationClassPostProcessor.processConfigBeanDefinitions(ConfigurationClassPostProcessor.java:319) ~[spring-context-5.2.6.RELEASE.jar:5.2.6.RELEASE]
	at org.springframework.context.annotation.ConfigurationClassPostProcessor.postProcessBeanDefinitionRegistry(ConfigurationClassPostProcessor.java:236) ~[spring-context-5.2.6.RELEASE.jar:5.2.6.RELEASE]
	at org.springframework.context.support.PostProcessorRegistrationDelegate.invokeBeanDefinitionRegistryPostProcessors(PostProcessorRegistrationDelegate.java:280) ~[spring-context-5.2.6.RELEASE.jar:5.2.6.RELEASE]
	at org.springframework.context.support.PostProcessorRegistrationDelegate.invokeBeanFactoryPostProcessors(PostProcessorRegistrationDelegate.java:96) ~[spring-context-5.2.6.RELEASE.jar:5.2.6.RELEASE]
	at org.springframework.context.support.AbstractApplicationContext.invokeBeanFactoryPostProcessors(AbstractApplicationContext.java:706) ~[spring-context-5.2.6.RELEASE.jar:5.2.6.RELEASE]
	at org.springframework.context.support.AbstractApplicationContext.refresh(AbstractApplicationContext.java:532) ~[spring-context-5.2.6.RELEASE.jar:5.2.6.RELEASE]
	at org.springframework.boot.SpringApplication.refresh(SpringApplication.java:747) ~[spring-boot-2.2.7.RELEASE.jar:2.2.7.RELEASE]
	at org.springframework.boot.SpringApplication.refreshContext(SpringApplication.java:397) ~[spring-boot-2.2.7.RELEASE.jar:2.2.7.RELEASE]
	at org.springframework.boot.SpringApplication.run(SpringApplication.java:315) ~[spring-boot-2.2.7.RELEASE.jar:2.2.7.RELEASE]
	at org.springframework.boot.test.context.SpringBootContextLoader.loadContext(SpringBootContextLoader.java:124) ~[spring-boot-test-2.2.7.RELEASE.jar:2.2.7.RELEASE]
	at org.springframework.test.context.cache.DefaultCacheAwareContextLoaderDelegate.loadContextInternal(DefaultCacheAwareContextLoaderDelegate.java:99) ~[spring-test-5.2.6.RELEASE.jar:5.2.6.RELEASE]
	at org.springframework.test.context.cache.DefaultCacheAwareContextLoaderDelegate.loadContext(DefaultCacheAwareContextLoaderDelegate.java:124) ~[spring-test-5.2.6.RELEASE.jar:5.2.6.RELEASE]
	... 88 more
Caused by: java.lang.NullPointerException
	at com.intellij.rt.coverage.data.ProjectData.touchLine(ProjectData.java:239) ~[?:?]
	at org.springframework.core.type.classreading.SimpleMethodMetadataReadingVisitor.<init>(SimpleMethodMetadataReadingVisitor.java:61) ~[spring-core-5.2.6.RELEASE.jar:5.2.6.RELEASE]
	at org.springframework.core.type.classreading.SimpleAnnotationMetadataReadingVisitor.visitMethod(SimpleAnnotationMetadataReadingVisitor.java:135) ~[spring-core-5.2.6.RELEASE.jar:5.2.6.RELEASE]
	at org.springframework.asm.ClassReader.readMethod(ClassReader.java:1333) ~[spring-core-5.2.6.RELEASE.jar:5.2.6.RELEASE]
	at org.springframework.asm.ClassReader.accept(ClassReader.java:718) ~[spring-core-5.2.6.RELEASE.jar:5.2.6.RELEASE]
	at org.springframework.asm.ClassReader.accept(ClassReader.java:401) ~[spring-core-5.2.6.RELEASE.jar:5.2.6.RELEASE]
	at org.springframework.core.type.classreading.SimpleMetadataReader.<init>(SimpleMetadataReader.java:49) ~[spring-core-5.2.6.RELEASE.jar:5.2.6.RELEASE]
	at org.springframework.core.type.classreading.SimpleMetadataReaderFactory.getMetadataReader(SimpleMetadataReaderFactory.java:103) ~[spring-core-5.2.6.RELEASE.jar:5.2.6.RELEASE]
	at org.springframework.core.type.classreading.CachingMetadataReaderFactory.getMetadataReader(CachingMetadataReaderFactory.java:123) ~[spring-core-5.2.6.RELEASE.jar:5.2.6.RELEASE]
	at org.springframework.context.annotation.ClassPathScanningCandidateComponentProvider.scanCandidateComponents(ClassPathScanningCandidateComponentProvider.java:429) ~[spring-context-5.2.6.RELEASE.jar:5.2.6.RELEASE]
	at org.springframework.context.annotation.ClassPathScanningCandidateComponentProvider.findCandidateComponents(ClassPathScanningCandidateComponentProvider.java:315) ~[spring-context-5.2.6.RELEASE.jar:5.2.6.RELEASE]
	at org.springframework.context.annotation.ClassPathBeanDefinitionScanner.doScan(ClassPathBeanDefinitionScanner.java:276) ~[spring-context-5.2.6.RELEASE.jar:5.2.6.RELEASE]
	at org.springframework.context.annotation.ComponentScanAnnotationParser.parse(ComponentScanAnnotationParser.java:132) ~[spring-context-5.2.6.RELEASE.jar:5.2.6.RELEASE]
	at org.springframework.context.annotation.ConfigurationClassParser.doProcessConfigurationClass(ConfigurationClassParser.java:295) ~[spring-context-5.2.6.RELEASE.jar:5.2.6.RELEASE]
	at org.springframework.context.annotation.ConfigurationClassParser.processConfigurationClass(ConfigurationClassParser.java:249) ~[spring-context-5.2.6.RELEASE.jar:5.2.6.RELEASE]
	at org.springframework.context.annotation.ConfigurationClassParser.parse(ConfigurationClassParser.java:206) ~[spring-context-5.2.6.RELEASE.jar:5.2.6.RELEASE]
	at org.springframework.context.annotation.ConfigurationClassParser.parse(ConfigurationClassParser.java:174) ~[spring-context-5.2.6.RELEASE.jar:5.2.6.RELEASE]
	at org.springframework.context.annotation.ConfigurationClassPostProcessor.processConfigBeanDefinitions(ConfigurationClassPostProcessor.java:319) ~[spring-context-5.2.6.RELEASE.jar:5.2.6.RELEASE]
	at org.springframework.context.annotation.ConfigurationClassPostProcessor.postProcessBeanDefinitionRegistry(ConfigurationClassPostProcessor.java:236) ~[spring-context-5.2.6.RELEASE.jar:5.2.6.RELEASE]
	at org.springframework.context.support.PostProcessorRegistrationDelegate.invokeBeanDefinitionRegistryPostProcessors(PostProcessorRegistrationDelegate.java:280) ~[spring-context-5.2.6.RELEASE.jar:5.2.6.RELEASE]
	at org.springframework.context.support.PostProcessorRegistrationDelegate.invokeBeanFactoryPostProcessors(PostProcessorRegistrationDelegate.java:96) ~[spring-context-5.2.6.RELEASE.jar:5.2.6.RELEASE]
	at org.springframework.context.support.AbstractApplicationContext.invokeBeanFactoryPostProcessors(AbstractApplicationContext.java:706) ~[spring-context-5.2.6.RELEASE.jar:5.2.6.RELEASE]
	at org.springframework.context.support.AbstractApplicationContext.refresh(AbstractApplicationContext.java:532) ~[spring-context-5.2.6.RELEASE.jar:5.2.6.RELEASE]
	at org.springframework.boot.SpringApplication.refresh(SpringApplication.java:747) ~[spring-boot-2.2.7.RELEASE.jar:2.2.7.RELEASE]
	at org.springframework.boot.SpringApplication.refreshContext(SpringApplication.java:397) ~[spring-boot-2.2.7.RELEASE.jar:2.2.7.RELEASE]
	at org.springframework.boot.SpringApplication.run(SpringApplication.java:315) ~[spring-boot-2.2.7.RELEASE.jar:2.2.7.RELEASE]
	at org.springframework.boot.test.context.SpringBootContextLoader.loadContext(SpringBootContextLoader.java:124) ~[spring-boot-test-2.2.7.RELEASE.jar:2.2.7.RELEASE]
	at org.springframework.test.context.cache.DefaultCacheAwareContextLoaderDelegate.loadContextInternal(DefaultCacheAwareContextLoaderDelegate.java:99) ~[spring-test-5.2.6.RELEASE.jar:5.2.6.RELEASE]
	at org.springframework.test.context.cache.DefaultCacheAwareContextLoaderDelegate.loadContext(DefaultCacheAwareContextLoaderDelegate.java:124) ~[spring-test-5.2.6.RELEASE.jar:5.2.6.RELEASE]
	... 88 more
2020-07-16 12:29:12,349 INFO o.s.t.c.s.AbstractTestContextBootstrapper [Test worker] Neither @ContextConfiguration nor @ContextHierarchy found for test class [CSCI5308.GroupFormationTool.Course.CourseRepositoryTest], using SpringBootContextLoader
2020-07-16 12:29:12,351 INFO o.s.t.c.s.AbstractContextLoader [Test worker] Could not detect default resource locations for test class [CSCI5308.GroupFormationTool.Course.CourseRepositoryTest]: no resource found for suffixes {-context.xml, Context.groovy}.
2020-07-16 12:29:12,353 INFO o.s.t.c.s.AnnotationConfigContextLoaderUtils [Test worker] Could not detect default configuration classes for test class [CSCI5308.GroupFormationTool.Course.CourseRepositoryTest]: CourseRepositoryTest does not declare any static, non-private, non-final, nested classes annotated with @Configuration.
2020-07-16 12:29:12,358 INFO o.s.b.t.c.SpringBootTestContextBootstrapper [Test worker] Found @SpringBootConfiguration CSCI5308.GroupFormationTool.GroupFormationToolApplication for test class CSCI5308.GroupFormationTool.Course.CourseRepositoryTest
2020-07-16 12:29:12,362 INFO o.s.t.c.s.AbstractTestContextBootstrapper [Test worker] Loaded default TestExecutionListener class names from location [META-INF/spring.factories]: [org.springframework.security.test.context.support.WithSecurityContextTestExecutionListener, org.springframework.security.test.context.support.ReactorContextTestExecutionListener, org.springframework.boot.test.autoconfigure.restdocs.RestDocsTestExecutionListener, org.springframework.boot.test.autoconfigure.web.client.MockRestServiceServerResetTestExecutionListener, org.springframework.boot.test.autoconfigure.web.servlet.MockMvcPrintOnlyOnFailureTestExecutionListener, org.springframework.boot.test.autoconfigure.web.servlet.WebDriverTestExecutionListener, org.springframework.boot.test.mock.mockito.MockitoTestExecutionListener, org.springframework.boot.test.mock.mockito.ResetMocksTestExecutionListener, org.springframework.test.context.web.ServletTestExecutionListener, org.springframework.test.context.support.DirtiesContextBeforeModesTestExecutionListener, org.springframework.test.context.support.DependencyInjectionTestExecutionListener, org.springframework.test.context.support.DirtiesContextTestExecutionListener, org.springframework.test.context.transaction.TransactionalTestExecutionListener, org.springframework.test.context.jdbc.SqlScriptsTestExecutionListener, org.springframework.test.context.event.EventPublishingTestExecutionListener]
2020-07-16 12:29:12,366 INFO o.s.t.c.s.AbstractTestContextBootstrapper [Test worker] Using TestExecutionListeners: [org.springframework.test.context.web.ServletTestExecutionListener@59c58d, org.springframework.test.context.support.DirtiesContextBeforeModesTestExecutionListener@5c9f54a3, org.springframework.boot.test.mock.mockito.MockitoTestExecutionListener@48a1dc32, org.springframework.boot.test.autoconfigure.SpringBootDependencyInjectionTestExecutionListener@58b407cf, org.springframework.test.context.support.DirtiesContextTestExecutionListener@168fc4f9, org.springframework.security.test.context.support.WithSecurityContextTestExecutionListener@3013a0c7, org.springframework.test.context.event.EventPublishingTestExecutionListener@7695aabb, org.springframework.security.test.context.support.ReactorContextTestExecutionListener@e6741d9, org.springframework.boot.test.autoconfigure.restdocs.RestDocsTestExecutionListener@6627f4e0, org.springframework.boot.test.autoconfigure.web.client.MockRestServiceServerResetTestExecutionListener@4b9f757b, org.springframework.boot.test.autoconfigure.web.servlet.MockMvcPrintOnlyOnFailureTestExecutionListener@1004dec1, org.springframework.boot.test.autoconfigure.web.servlet.WebDriverTestExecutionListener@24d92c91, org.springframework.boot.test.mock.mockito.ResetMocksTestExecutionListener@7d005c1e]
2020-07-16 12:29:12,817 INFO o.s.b.StartupInfoLogger [Test worker] Starting CourseRepositoryTest on DESKTOP-IHKQMUB with PID 3508 (started by Harsh in D:\Project Works\Web\Github\Group formation tool\Git Repo2\group9)
2020-07-16 12:29:12,825 INFO o.s.b.SpringApplication [Test worker] No active profile set, falling back to default profiles: default
2020-07-16 12:29:15,428 INFO o.s.s.w.DefaultSecurityFilterChain [Test worker] Creating filter chain: Ant [pattern='/resources/**'], []
2020-07-16 12:29:15,663 INFO o.s.s.w.DefaultSecurityFilterChain [Test worker] Creating filter chain: any request, [org.springframework.security.web.context.request.async.WebAsyncManagerIntegrationFilter@27a08b84, org.springframework.security.web.context.SecurityContextPersistenceFilter@7d85dd74, org.springframework.security.web.header.HeaderWriterFilter@59345769, org.springframework.security.web.csrf.CsrfFilter@51dc5a8c, org.springframework.security.web.authentication.logout.LogoutFilter@2a834423, org.springframework.security.web.authentication.UsernamePasswordAuthenticationFilter@275a3e8f, org.springframework.security.web.savedrequest.RequestCacheAwareFilter@2f12e7c7, org.springframework.security.web.servletapi.SecurityContextHolderAwareRequestFilter@16f8d54, org.springframework.security.web.authentication.AnonymousAuthenticationFilter@3de339bd, org.springframework.security.web.session.SessionManagementFilter@71f89f50, org.springframework.security.web.access.ExceptionTranslationFilter@4fc8ef39, org.springframework.security.web.access.intercept.FilterSecurityInterceptor@47aaa04d]
2020-07-16 12:29:16,360 INFO o.s.s.c.ExecutorConfigurationSupport [Test worker] Initializing ExecutorService 'applicationTaskExecutor'
2020-07-16 12:29:17,135 INFO o.s.b.StartupInfoLogger [Test worker] Started CourseRepositoryTest in 4.761 seconds (JVM running for 12.439)
2020-07-16 12:29:17,646 INFO o.s.t.c.s.AbstractTestContextBootstrapper [Test worker] Neither @ContextConfiguration nor @ContextHierarchy found for test class [CSCI5308.GroupFormationTool.Course.CourseServiceTest], using SpringBootContextLoader
2020-07-16 12:29:17,649 INFO o.s.t.c.s.AbstractContextLoader [Test worker] Could not detect default resource locations for test class [CSCI5308.GroupFormationTool.Course.CourseServiceTest]: no resource found for suffixes {-context.xml, Context.groovy}.
2020-07-16 12:29:17,650 INFO o.s.t.c.s.AnnotationConfigContextLoaderUtils [Test worker] Could not detect default configuration classes for test class [CSCI5308.GroupFormationTool.Course.CourseServiceTest]: CourseServiceTest does not declare any static, non-private, non-final, nested classes annotated with @Configuration.
2020-07-16 12:29:17,725 INFO o.s.b.t.c.SpringBootTestContextBootstrapper [Test worker] Found @SpringBootConfiguration CSCI5308.GroupFormationTool.GroupFormationToolApplication for test class CSCI5308.GroupFormationTool.Course.CourseServiceTest
2020-07-16 12:29:17,731 INFO o.s.t.c.s.AbstractTestContextBootstrapper [Test worker] Loaded default TestExecutionListener class names from location [META-INF/spring.factories]: [org.springframework.security.test.context.support.WithSecurityContextTestExecutionListener, org.springframework.security.test.context.support.ReactorContextTestExecutionListener, org.springframework.boot.test.autoconfigure.restdocs.RestDocsTestExecutionListener, org.springframework.boot.test.autoconfigure.web.client.MockRestServiceServerResetTestExecutionListener, org.springframework.boot.test.autoconfigure.web.servlet.MockMvcPrintOnlyOnFailureTestExecutionListener, org.springframework.boot.test.autoconfigure.web.servlet.WebDriverTestExecutionListener, org.springframework.boot.test.mock.mockito.MockitoTestExecutionListener, org.springframework.boot.test.mock.mockito.ResetMocksTestExecutionListener, org.springframework.test.context.web.ServletTestExecutionListener, org.springframework.test.context.support.DirtiesContextBeforeModesTestExecutionListener, org.springframework.test.context.support.DependencyInjectionTestExecutionListener, org.springframework.test.context.support.DirtiesContextTestExecutionListener, org.springframework.test.context.transaction.TransactionalTestExecutionListener, org.springframework.test.context.jdbc.SqlScriptsTestExecutionListener, org.springframework.test.context.event.EventPublishingTestExecutionListener]
2020-07-16 12:29:17,737 INFO o.s.t.c.s.AbstractTestContextBootstrapper [Test worker] Using TestExecutionListeners: [org.springframework.test.context.web.ServletTestExecutionListener@2c8f69f, org.springframework.test.context.support.DirtiesContextBeforeModesTestExecutionListener@1d90c744, org.springframework.boot.test.mock.mockito.MockitoTestExecutionListener@2dabb941, org.springframework.boot.test.autoconfigure.SpringBootDependencyInjectionTestExecutionListener@75b8885a, org.springframework.test.context.support.DirtiesContextTestExecutionListener@3081f47c, org.springframework.security.test.context.support.WithSecurityContextTestExecutionListener@2bb0bfcf, org.springframework.test.context.event.EventPublishingTestExecutionListener@5ba17a49, org.springframework.security.test.context.support.ReactorContextTestExecutionListener@6aeac33f, org.springframework.boot.test.autoconfigure.restdocs.RestDocsTestExecutionListener@55f7f80a, org.springframework.boot.test.autoconfigure.web.client.MockRestServiceServerResetTestExecutionListener@7b977bbc, org.springframework.boot.test.autoconfigure.web.servlet.MockMvcPrintOnlyOnFailureTestExecutionListener@2b3435b5, org.springframework.boot.test.autoconfigure.web.servlet.WebDriverTestExecutionListener@17fbe8d7, org.springframework.boot.test.mock.mockito.ResetMocksTestExecutionListener@7d26658a]
2020-07-16 12:29:19,163 INFO o.s.t.c.s.AbstractTestContextBootstrapper [Test worker] Neither @ContextConfiguration nor @ContextHierarchy found for test class [CSCI5308.GroupFormationTool.Course.courseTest], using SpringBootContextLoader
2020-07-16 12:29:19,167 INFO o.s.t.c.s.AbstractContextLoader [Test worker] Could not detect default resource locations for test class [CSCI5308.GroupFormationTool.Course.courseTest]: no resource found for suffixes {-context.xml, Context.groovy}.
2020-07-16 12:29:19,169 INFO o.s.t.c.s.AnnotationConfigContextLoaderUtils [Test worker] Could not detect default configuration classes for test class [CSCI5308.GroupFormationTool.Course.courseTest]: courseTest does not declare any static, non-private, non-final, nested classes annotated with @Configuration.
2020-07-16 12:29:19,176 INFO o.s.b.t.c.SpringBootTestContextBootstrapper [Test worker] Found @SpringBootConfiguration CSCI5308.GroupFormationTool.GroupFormationToolApplication for test class CSCI5308.GroupFormationTool.Course.courseTest
2020-07-16 12:29:19,181 INFO o.s.t.c.s.AbstractTestContextBootstrapper [Test worker] Loaded default TestExecutionListener class names from location [META-INF/spring.factories]: [org.springframework.security.test.context.support.WithSecurityContextTestExecutionListener, org.springframework.security.test.context.support.ReactorContextTestExecutionListener, org.springframework.boot.test.autoconfigure.restdocs.RestDocsTestExecutionListener, org.springframework.boot.test.autoconfigure.web.client.MockRestServiceServerResetTestExecutionListener, org.springframework.boot.test.autoconfigure.web.servlet.MockMvcPrintOnlyOnFailureTestExecutionListener, org.springframework.boot.test.autoconfigure.web.servlet.WebDriverTestExecutionListener, org.springframework.boot.test.mock.mockito.MockitoTestExecutionListener, org.springframework.boot.test.mock.mockito.ResetMocksTestExecutionListener, org.springframework.test.context.web.ServletTestExecutionListener, org.springframework.test.context.support.DirtiesContextBeforeModesTestExecutionListener, org.springframework.test.context.support.DependencyInjectionTestExecutionListener, org.springframework.test.context.support.DirtiesContextTestExecutionListener, org.springframework.test.context.transaction.TransactionalTestExecutionListener, org.springframework.test.context.jdbc.SqlScriptsTestExecutionListener, org.springframework.test.context.event.EventPublishingTestExecutionListener]
2020-07-16 12:29:19,188 INFO o.s.t.c.s.AbstractTestContextBootstrapper [Test worker] Using TestExecutionListeners: [org.springframework.test.context.web.ServletTestExecutionListener@2431fe0e, org.springframework.test.context.support.DirtiesContextBeforeModesTestExecutionListener@75999e72, org.springframework.boot.test.mock.mockito.MockitoTestExecutionListener@4db0053e, org.springframework.boot.test.autoconfigure.SpringBootDependencyInjectionTestExecutionListener@51f67a81, org.springframework.test.context.support.DirtiesContextTestExecutionListener@7a9c3f3f, org.springframework.security.test.context.support.WithSecurityContextTestExecutionListener@43cf4410, org.springframework.test.context.event.EventPublishingTestExecutionListener@e1b30a2, org.springframework.security.test.context.support.ReactorContextTestExecutionListener@6cdb7192, org.springframework.boot.test.autoconfigure.restdocs.RestDocsTestExecutionListener@77a5def1, org.springframework.boot.test.autoconfigure.web.client.MockRestServiceServerResetTestExecutionListener@4ef3fbd1, org.springframework.boot.test.autoconfigure.web.servlet.MockMvcPrintOnlyOnFailureTestExecutionListener@193a5c8d, org.springframework.boot.test.autoconfigure.web.servlet.WebDriverTestExecutionListener@2edaf9d9, org.springframework.boot.test.mock.mockito.ResetMocksTestExecutionListener@77d1f8a5]
2020-07-16 12:29:19,291 INFO o.s.t.c.s.AbstractTestContextBootstrapper [Test worker] Neither @ContextConfiguration nor @ContextHierarchy found for test class [CSCI5308.GroupFormationTool.Course.HomeServiceTest], using SpringBootContextLoader
2020-07-16 12:29:19,293 INFO o.s.t.c.s.AbstractContextLoader [Test worker] Could not detect default resource locations for test class [CSCI5308.GroupFormationTool.Course.HomeServiceTest]: no resource found for suffixes {-context.xml, Context.groovy}.
2020-07-16 12:29:19,293 INFO o.s.t.c.s.AnnotationConfigContextLoaderUtils [Test worker] Could not detect default configuration classes for test class [CSCI5308.GroupFormationTool.Course.HomeServiceTest]: HomeServiceTest does not declare any static, non-private, non-final, nested classes annotated with @Configuration.
2020-07-16 12:29:19,297 INFO o.s.b.t.c.SpringBootTestContextBootstrapper [Test worker] Found @SpringBootConfiguration CSCI5308.GroupFormationTool.GroupFormationToolApplication for test class CSCI5308.GroupFormationTool.Course.HomeServiceTest
2020-07-16 12:29:19,349 INFO o.s.t.c.s.AbstractTestContextBootstrapper [Test worker] Loaded default TestExecutionListener class names from location [META-INF/spring.factories]: [org.springframework.security.test.context.support.WithSecurityContextTestExecutionListener, org.springframework.security.test.context.support.ReactorContextTestExecutionListener, org.springframework.boot.test.autoconfigure.restdocs.RestDocsTestExecutionListener, org.springframework.boot.test.autoconfigure.web.client.MockRestServiceServerResetTestExecutionListener, org.springframework.boot.test.autoconfigure.web.servlet.MockMvcPrintOnlyOnFailureTestExecutionListener, org.springframework.boot.test.autoconfigure.web.servlet.WebDriverTestExecutionListener, org.springframework.boot.test.mock.mockito.MockitoTestExecutionListener, org.springframework.boot.test.mock.mockito.ResetMocksTestExecutionListener, org.springframework.test.context.web.ServletTestExecutionListener, org.springframework.test.context.support.DirtiesContextBeforeModesTestExecutionListener, org.springframework.test.context.support.DependencyInjectionTestExecutionListener, org.springframework.test.context.support.DirtiesContextTestExecutionListener, org.springframework.test.context.transaction.TransactionalTestExecutionListener, org.springframework.test.context.jdbc.SqlScriptsTestExecutionListener, org.springframework.test.context.event.EventPublishingTestExecutionListener]
2020-07-16 12:29:19,355 INFO o.s.t.c.s.AbstractTestContextBootstrapper [Test worker] Using TestExecutionListeners: [org.springframework.test.context.web.ServletTestExecutionListener@16fe2b15, org.springframework.test.context.support.DirtiesContextBeforeModesTestExecutionListener@71790e86, org.springframework.boot.test.mock.mockito.MockitoTestExecutionListener@27d907ef, org.springframework.boot.test.autoconfigure.SpringBootDependencyInjectionTestExecutionListener@2f59ee01, org.springframework.test.context.support.DirtiesContextTestExecutionListener@4818ce7c, org.springframework.security.test.context.support.WithSecurityContextTestExecutionListener@712ce4c7, org.springframework.test.context.event.EventPublishingTestExecutionListener@1ea56372, org.springframework.security.test.context.support.ReactorContextTestExecutionListener@7e6cbf41, org.springframework.boot.test.autoconfigure.restdocs.RestDocsTestExecutionListener@7009f5de, org.springframework.boot.test.autoconfigure.web.client.MockRestServiceServerResetTestExecutionListener@66952dc4, org.springframework.boot.test.autoconfigure.web.servlet.MockMvcPrintOnlyOnFailureTestExecutionListener@539e7c97, org.springframework.boot.test.autoconfigure.web.servlet.WebDriverTestExecutionListener@48135712, org.springframework.boot.test.mock.mockito.ResetMocksTestExecutionListener@778bfccb]
2020-07-16 12:29:19,406 INFO o.s.t.c.s.AbstractTestContextBootstrapper [Test worker] Neither @ContextConfiguration nor @ContextHierarchy found for test class [CSCI5308.GroupFormationTool.Exceptions.ServiceLayerExceptionTest], using SpringBootContextLoader
2020-07-16 12:29:19,407 INFO o.s.t.c.s.AbstractContextLoader [Test worker] Could not detect default resource locations for test class [CSCI5308.GroupFormationTool.Exceptions.ServiceLayerExceptionTest]: no resource found for suffixes {-context.xml, Context.groovy}.
2020-07-16 12:29:19,429 INFO o.s.t.c.s.AnnotationConfigContextLoaderUtils [Test worker] Could not detect default configuration classes for test class [CSCI5308.GroupFormationTool.Exceptions.ServiceLayerExceptionTest]: ServiceLayerExceptionTest does not declare any static, non-private, non-final, nested classes annotated with @Configuration.
2020-07-16 12:29:19,455 INFO o.s.b.t.c.SpringBootTestContextBootstrapper [Test worker] Found @SpringBootConfiguration CSCI5308.GroupFormationTool.GroupFormationToolApplication for test class CSCI5308.GroupFormationTool.Exceptions.ServiceLayerExceptionTest
2020-07-16 12:29:19,458 INFO o.s.t.c.s.AbstractTestContextBootstrapper [Test worker] Loaded default TestExecutionListener class names from location [META-INF/spring.factories]: [org.springframework.security.test.context.support.WithSecurityContextTestExecutionListener, org.springframework.security.test.context.support.ReactorContextTestExecutionListener, org.springframework.boot.test.autoconfigure.restdocs.RestDocsTestExecutionListener, org.springframework.boot.test.autoconfigure.web.client.MockRestServiceServerResetTestExecutionListener, org.springframework.boot.test.autoconfigure.web.servlet.MockMvcPrintOnlyOnFailureTestExecutionListener, org.springframework.boot.test.autoconfigure.web.servlet.WebDriverTestExecutionListener, org.springframework.boot.test.mock.mockito.MockitoTestExecutionListener, org.springframework.boot.test.mock.mockito.ResetMocksTestExecutionListener, org.springframework.test.context.web.ServletTestExecutionListener, org.springframework.test.context.support.DirtiesContextBeforeModesTestExecutionListener, org.springframework.test.context.support.DependencyInjectionTestExecutionListener, org.springframework.test.context.support.DirtiesContextTestExecutionListener, org.springframework.test.context.transaction.TransactionalTestExecutionListener, org.springframework.test.context.jdbc.SqlScriptsTestExecutionListener, org.springframework.test.context.event.EventPublishingTestExecutionListener]
2020-07-16 12:29:19,490 INFO o.s.t.c.s.AbstractTestContextBootstrapper [Test worker] Using TestExecutionListeners: [org.springframework.test.context.web.ServletTestExecutionListener@3b9f2c2f, org.springframework.test.context.support.DirtiesContextBeforeModesTestExecutionListener@11fe629c, org.springframework.boot.test.mock.mockito.MockitoTestExecutionListener@3f02887f, org.springframework.boot.test.autoconfigure.SpringBootDependencyInjectionTestExecutionListener@48d188a8, org.springframework.test.context.support.DirtiesContextTestExecutionListener@a6d2bc9, org.springframework.security.test.context.support.WithSecurityContextTestExecutionListener@6865429a, org.springframework.test.context.event.EventPublishingTestExecutionListener@438f6e99, org.springframework.security.test.context.support.ReactorContextTestExecutionListener@7df3a88, org.springframework.boot.test.autoconfigure.restdocs.RestDocsTestExecutionListener@648f7ad9, org.springframework.boot.test.autoconfigure.web.client.MockRestServiceServerResetTestExecutionListener@263c8540, org.springframework.boot.test.autoconfigure.web.servlet.MockMvcPrintOnlyOnFailureTestExecutionListener@1effdcb8, org.springframework.boot.test.autoconfigure.web.servlet.WebDriverTestExecutionListener@608aae95, org.springframework.boot.test.mock.mockito.ResetMocksTestExecutionListener@7f4c49ef]
2020-07-16 12:29:19,535 INFO o.s.t.c.s.AbstractTestContextBootstrapper [Test worker] Neither @ContextConfiguration nor @ContextHierarchy found for test class [CSCI5308.GroupFormationTool.GroupFormationToolApplicationTests], using SpringBootContextLoader
2020-07-16 12:29:19,538 INFO o.s.t.c.s.AbstractContextLoader [Test worker] Could not detect default resource locations for test class [CSCI5308.GroupFormationTool.GroupFormationToolApplicationTests]: no resource found for suffixes {-context.xml, Context.groovy}.
2020-07-16 12:29:19,539 INFO o.s.t.c.s.AnnotationConfigContextLoaderUtils [Test worker] Could not detect default configuration classes for test class [CSCI5308.GroupFormationTool.GroupFormationToolApplicationTests]: GroupFormationToolApplicationTests does not declare any static, non-private, non-final, nested classes annotated with @Configuration.
2020-07-16 12:29:19,547 INFO o.s.b.t.c.SpringBootTestContextBootstrapper [Test worker] Found @SpringBootConfiguration CSCI5308.GroupFormationTool.GroupFormationToolApplication for test class CSCI5308.GroupFormationTool.GroupFormationToolApplicationTests
2020-07-16 12:29:19,550 INFO o.s.t.c.s.AbstractTestContextBootstrapper [Test worker] Loaded default TestExecutionListener class names from location [META-INF/spring.factories]: [org.springframework.security.test.context.support.WithSecurityContextTestExecutionListener, org.springframework.security.test.context.support.ReactorContextTestExecutionListener, org.springframework.boot.test.autoconfigure.restdocs.RestDocsTestExecutionListener, org.springframework.boot.test.autoconfigure.web.client.MockRestServiceServerResetTestExecutionListener, org.springframework.boot.test.autoconfigure.web.servlet.MockMvcPrintOnlyOnFailureTestExecutionListener, org.springframework.boot.test.autoconfigure.web.servlet.WebDriverTestExecutionListener, org.springframework.boot.test.mock.mockito.MockitoTestExecutionListener, org.springframework.boot.test.mock.mockito.ResetMocksTestExecutionListener, org.springframework.test.context.web.ServletTestExecutionListener, org.springframework.test.context.support.DirtiesContextBeforeModesTestExecutionListener, org.springframework.test.context.support.DependencyInjectionTestExecutionListener, org.springframework.test.context.support.DirtiesContextTestExecutionListener, org.springframework.test.context.transaction.TransactionalTestExecutionListener, org.springframework.test.context.jdbc.SqlScriptsTestExecutionListener, org.springframework.test.context.event.EventPublishingTestExecutionListener]
2020-07-16 12:29:19,555 INFO o.s.t.c.s.AbstractTestContextBootstrapper [Test worker] Using TestExecutionListeners: [org.springframework.test.context.web.ServletTestExecutionListener@3d98c5c3, org.springframework.test.context.support.DirtiesContextBeforeModesTestExecutionListener@5d62c4d4, org.springframework.boot.test.mock.mockito.MockitoTestExecutionListener@68a927eb, org.springframework.boot.test.autoconfigure.SpringBootDependencyInjectionTestExecutionListener@75370820, org.springframework.test.context.support.DirtiesContextTestExecutionListener@e7a6d98, org.springframework.security.test.context.support.WithSecurityContextTestExecutionListener@45f55ce7, org.springframework.test.context.event.EventPublishingTestExecutionListener@64c2bdcd, org.springframework.security.test.context.support.ReactorContextTestExecutionListener@2979df7d, org.springframework.boot.test.autoconfigure.restdocs.RestDocsTestExecutionListener@74326167, org.springframework.boot.test.autoconfigure.web.client.MockRestServiceServerResetTestExecutionListener@1bcf1962, org.springframework.boot.test.autoconfigure.web.servlet.MockMvcPrintOnlyOnFailureTestExecutionListener@6a12f303, org.springframework.boot.test.autoconfigure.web.servlet.WebDriverTestExecutionListener@d774b0b, org.springframework.boot.test.mock.mockito.ResetMocksTestExecutionListener@6aa93a9b]
2020-07-16 12:29:20,057 INFO o.s.t.c.s.AbstractTestContextBootstrapper [Test worker] Neither @ContextConfiguration nor @ContextHierarchy found for test class [CSCI5308.GroupFormationTool.PasswordManager.UserPasswordPolicyTest], using SpringBootContextLoader
2020-07-16 12:29:20,060 INFO o.s.t.c.s.AbstractContextLoader [Test worker] Could not detect default resource locations for test class [CSCI5308.GroupFormationTool.PasswordManager.UserPasswordPolicyTest]: no resource found for suffixes {-context.xml, Context.groovy}.
2020-07-16 12:29:20,062 INFO o.s.t.c.s.AnnotationConfigContextLoaderUtils [Test worker] Could not detect default configuration classes for test class [CSCI5308.GroupFormationTool.PasswordManager.UserPasswordPolicyTest]: UserPasswordPolicyTest does not declare any static, non-private, non-final, nested classes annotated with @Configuration.
2020-07-16 12:29:20,083 INFO o.s.b.t.c.SpringBootTestContextBootstrapper [Test worker] Found @SpringBootConfiguration CSCI5308.GroupFormationTool.GroupFormationToolApplication for test class CSCI5308.GroupFormationTool.PasswordManager.UserPasswordPolicyTest
2020-07-16 12:29:20,086 INFO o.s.t.c.s.AbstractTestContextBootstrapper [Test worker] Loaded default TestExecutionListener class names from location [META-INF/spring.factories]: [org.springframework.security.test.context.support.WithSecurityContextTestExecutionListener, org.springframework.security.test.context.support.ReactorContextTestExecutionListener, org.springframework.boot.test.autoconfigure.restdocs.RestDocsTestExecutionListener, org.springframework.boot.test.autoconfigure.web.client.MockRestServiceServerResetTestExecutionListener, org.springframework.boot.test.autoconfigure.web.servlet.MockMvcPrintOnlyOnFailureTestExecutionListener, org.springframework.boot.test.autoconfigure.web.servlet.WebDriverTestExecutionListener, org.springframework.boot.test.mock.mockito.MockitoTestExecutionListener, org.springframework.boot.test.mock.mockito.ResetMocksTestExecutionListener, org.springframework.test.context.web.ServletTestExecutionListener, org.springframework.test.context.support.DirtiesContextBeforeModesTestExecutionListener, org.springframework.test.context.support.DependencyInjectionTestExecutionListener, org.springframework.test.context.support.DirtiesContextTestExecutionListener, org.springframework.test.context.transaction.TransactionalTestExecutionListener, org.springframework.test.context.jdbc.SqlScriptsTestExecutionListener, org.springframework.test.context.event.EventPublishingTestExecutionListener]
2020-07-16 12:29:20,089 INFO o.s.t.c.s.AbstractTestContextBootstrapper [Test worker] Using TestExecutionListeners: [org.springframework.test.context.web.ServletTestExecutionListener@1117ee83, org.springframework.test.context.support.DirtiesContextBeforeModesTestExecutionListener@26a01222, org.springframework.boot.test.mock.mockito.MockitoTestExecutionListener@27bd15f, org.springframework.boot.test.autoconfigure.SpringBootDependencyInjectionTestExecutionListener@51a8b94, org.springframework.test.context.support.DirtiesContextTestExecutionListener@2bd71e42, org.springframework.security.test.context.support.WithSecurityContextTestExecutionListener@d403818, org.springframework.test.context.event.EventPublishingTestExecutionListener@51ede1c6, org.springframework.security.test.context.support.ReactorContextTestExecutionListener@7a8644, org.springframework.boot.test.autoconfigure.restdocs.RestDocsTestExecutionListener@134cbd07, org.springframework.boot.test.autoconfigure.web.client.MockRestServiceServerResetTestExecutionListener@1fc0d78e, org.springframework.boot.test.autoconfigure.web.servlet.MockMvcPrintOnlyOnFailureTestExecutionListener@211df661, org.springframework.boot.test.autoconfigure.web.servlet.WebDriverTestExecutionListener@75010ca0, org.springframework.boot.test.mock.mockito.ResetMocksTestExecutionListener@3533382]
2020-07-16 12:29:20,348 INFO o.s.t.c.s.AbstractTestContextBootstrapper [Test worker] Neither @ContextConfiguration nor @ContextHierarchy found for test class [CSCI5308.GroupFormationTool.QuestionManager.QuestionManagerServiceTest], using SpringBootContextLoader
2020-07-16 12:29:20,350 INFO o.s.t.c.s.AbstractContextLoader [Test worker] Could not detect default resource locations for test class [CSCI5308.GroupFormationTool.QuestionManager.QuestionManagerServiceTest]: no resource found for suffixes {-context.xml, Context.groovy}.
2020-07-16 12:29:20,358 INFO o.s.t.c.s.AnnotationConfigContextLoaderUtils [Test worker] Could not detect default configuration classes for test class [CSCI5308.GroupFormationTool.QuestionManager.QuestionManagerServiceTest]: QuestionManagerServiceTest does not declare any static, non-private, non-final, nested classes annotated with @Configuration.
2020-07-16 12:29:20,388 INFO o.s.b.t.c.SpringBootTestContextBootstrapper [Test worker] Found @SpringBootConfiguration CSCI5308.GroupFormationTool.GroupFormationToolApplication for test class CSCI5308.GroupFormationTool.QuestionManager.QuestionManagerServiceTest
2020-07-16 12:29:20,392 INFO o.s.t.c.s.AbstractTestContextBootstrapper [Test worker] Loaded default TestExecutionListener class names from location [META-INF/spring.factories]: [org.springframework.security.test.context.support.WithSecurityContextTestExecutionListener, org.springframework.security.test.context.support.ReactorContextTestExecutionListener, org.springframework.boot.test.autoconfigure.restdocs.RestDocsTestExecutionListener, org.springframework.boot.test.autoconfigure.web.client.MockRestServiceServerResetTestExecutionListener, org.springframework.boot.test.autoconfigure.web.servlet.MockMvcPrintOnlyOnFailureTestExecutionListener, org.springframework.boot.test.autoconfigure.web.servlet.WebDriverTestExecutionListener, org.springframework.boot.test.mock.mockito.MockitoTestExecutionListener, org.springframework.boot.test.mock.mockito.ResetMocksTestExecutionListener, org.springframework.test.context.web.ServletTestExecutionListener, org.springframework.test.context.support.DirtiesContextBeforeModesTestExecutionListener, org.springframework.test.context.support.DependencyInjectionTestExecutionListener, org.springframework.test.context.support.DirtiesContextTestExecutionListener, org.springframework.test.context.transaction.TransactionalTestExecutionListener, org.springframework.test.context.jdbc.SqlScriptsTestExecutionListener, org.springframework.test.context.event.EventPublishingTestExecutionListener]
2020-07-16 12:29:20,402 INFO o.s.t.c.s.AbstractTestContextBootstrapper [Test worker] Using TestExecutionListeners: [org.springframework.test.context.web.ServletTestExecutionListener@293c65c5, org.springframework.test.context.support.DirtiesContextBeforeModesTestExecutionListener@5b23f630, org.springframework.boot.test.mock.mockito.MockitoTestExecutionListener@5cf0e511, org.springframework.boot.test.autoconfigure.SpringBootDependencyInjectionTestExecutionListener@74c23c0, org.springframework.test.context.support.DirtiesContextTestExecutionListener@4d946ca1, org.springframework.security.test.context.support.WithSecurityContextTestExecutionListener@9428155, org.springframework.test.context.event.EventPublishingTestExecutionListener@52c13501, org.springframework.security.test.context.support.ReactorContextTestExecutionListener@34754eba, org.springframework.boot.test.autoconfigure.restdocs.RestDocsTestExecutionListener@5a6acdf1, org.springframework.boot.test.autoconfigure.web.client.MockRestServiceServerResetTestExecutionListener@473fa7c0, org.springframework.boot.test.autoconfigure.web.servlet.MockMvcPrintOnlyOnFailureTestExecutionListener@1c0dfb1b, org.springframework.boot.test.autoconfigure.web.servlet.WebDriverTestExecutionListener@21366be, org.springframework.boot.test.mock.mockito.ResetMocksTestExecutionListener@e1a2648]
2020-07-16 12:29:20,599 INFO o.s.t.c.s.AbstractTestContextBootstrapper [Test worker] Neither @ContextConfiguration nor @ContextHierarchy found for test class [CSCI5308.GroupFormationTool.QuestionManager.QuestionTest], using SpringBootContextLoader
2020-07-16 12:29:20,603 INFO o.s.t.c.s.AbstractContextLoader [Test worker] Could not detect default resource locations for test class [CSCI5308.GroupFormationTool.QuestionManager.QuestionTest]: no resource found for suffixes {-context.xml, Context.groovy}.
2020-07-16 12:29:20,605 INFO o.s.t.c.s.AnnotationConfigContextLoaderUtils [Test worker] Could not detect default configuration classes for test class [CSCI5308.GroupFormationTool.QuestionManager.QuestionTest]: QuestionTest does not declare any static, non-private, non-final, nested classes annotated with @Configuration.
2020-07-16 12:29:20,613 INFO o.s.b.t.c.SpringBootTestContextBootstrapper [Test worker] Found @SpringBootConfiguration CSCI5308.GroupFormationTool.GroupFormationToolApplication for test class CSCI5308.GroupFormationTool.QuestionManager.QuestionTest
2020-07-16 12:29:20,617 INFO o.s.t.c.s.AbstractTestContextBootstrapper [Test worker] Loaded default TestExecutionListener class names from location [META-INF/spring.factories]: [org.springframework.security.test.context.support.WithSecurityContextTestExecutionListener, org.springframework.security.test.context.support.ReactorContextTestExecutionListener, org.springframework.boot.test.autoconfigure.restdocs.RestDocsTestExecutionListener, org.springframework.boot.test.autoconfigure.web.client.MockRestServiceServerResetTestExecutionListener, org.springframework.boot.test.autoconfigure.web.servlet.MockMvcPrintOnlyOnFailureTestExecutionListener, org.springframework.boot.test.autoconfigure.web.servlet.WebDriverTestExecutionListener, org.springframework.boot.test.mock.mockito.MockitoTestExecutionListener, org.springframework.boot.test.mock.mockito.ResetMocksTestExecutionListener, org.springframework.test.context.web.ServletTestExecutionListener, org.springframework.test.context.support.DirtiesContextBeforeModesTestExecutionListener, org.springframework.test.context.support.DependencyInjectionTestExecutionListener, org.springframework.test.context.support.DirtiesContextTestExecutionListener, org.springframework.test.context.transaction.TransactionalTestExecutionListener, org.springframework.test.context.jdbc.SqlScriptsTestExecutionListener, org.springframework.test.context.event.EventPublishingTestExecutionListener]
2020-07-16 12:29:20,620 INFO o.s.t.c.s.AbstractTestContextBootstrapper [Test worker] Using TestExecutionListeners: [org.springframework.test.context.web.ServletTestExecutionListener@57cb72f1, org.springframework.test.context.support.DirtiesContextBeforeModesTestExecutionListener@2c9bc666, org.springframework.boot.test.mock.mockito.MockitoTestExecutionListener@2370f91d, org.springframework.boot.test.autoconfigure.SpringBootDependencyInjectionTestExecutionListener@7e9c5e7b, org.springframework.test.context.support.DirtiesContextTestExecutionListener@724ce7a3, org.springframework.security.test.context.support.WithSecurityContextTestExecutionListener@96b77a, org.springframework.test.context.event.EventPublishingTestExecutionListener@240a1e64, org.springframework.security.test.context.support.ReactorContextTestExecutionListener@3879f318, org.springframework.boot.test.autoconfigure.restdocs.RestDocsTestExecutionListener@2d1d7a4b, org.springframework.boot.test.autoconfigure.web.client.MockRestServiceServerResetTestExecutionListener@188535f5, org.springframework.boot.test.autoconfigure.web.servlet.MockMvcPrintOnlyOnFailureTestExecutionListener@6c08e1bf, org.springframework.boot.test.autoconfigure.web.servlet.WebDriverTestExecutionListener@1b1e2e15, org.springframework.boot.test.mock.mockito.ResetMocksTestExecutionListener@5d17c01f]
2020-07-16 12:29:20,664 INFO o.s.t.c.s.AbstractTestContextBootstrapper [Test worker] Neither @ContextConfiguration nor @ContextHierarchy found for test class [CSCI5308.GroupFormationTool.SurveyManager.SurveyManagerServiceTest], using SpringBootContextLoader
2020-07-16 12:29:20,666 INFO o.s.t.c.s.AbstractContextLoader [Test worker] Could not detect default resource locations for test class [CSCI5308.GroupFormationTool.SurveyManager.SurveyManagerServiceTest]: no resource found for suffixes {-context.xml, Context.groovy}.
2020-07-16 12:29:20,670 INFO o.s.t.c.s.AnnotationConfigContextLoaderUtils [Test worker] Could not detect default configuration classes for test class [CSCI5308.GroupFormationTool.SurveyManager.SurveyManagerServiceTest]: SurveyManagerServiceTest does not declare any static, non-private, non-final, nested classes annotated with @Configuration.
2020-07-16 12:29:20,694 INFO o.s.b.t.c.SpringBootTestContextBootstrapper [Test worker] Found @SpringBootConfiguration CSCI5308.GroupFormationTool.GroupFormationToolApplication for test class CSCI5308.GroupFormationTool.SurveyManager.SurveyManagerServiceTest
2020-07-16 12:29:20,704 INFO o.s.t.c.s.AbstractTestContextBootstrapper [Test worker] Loaded default TestExecutionListener class names from location [META-INF/spring.factories]: [org.springframework.security.test.context.support.WithSecurityContextTestExecutionListener, org.springframework.security.test.context.support.ReactorContextTestExecutionListener, org.springframework.boot.test.autoconfigure.restdocs.RestDocsTestExecutionListener, org.springframework.boot.test.autoconfigure.web.client.MockRestServiceServerResetTestExecutionListener, org.springframework.boot.test.autoconfigure.web.servlet.MockMvcPrintOnlyOnFailureTestExecutionListener, org.springframework.boot.test.autoconfigure.web.servlet.WebDriverTestExecutionListener, org.springframework.boot.test.mock.mockito.MockitoTestExecutionListener, org.springframework.boot.test.mock.mockito.ResetMocksTestExecutionListener, org.springframework.test.context.web.ServletTestExecutionListener, org.springframework.test.context.support.DirtiesContextBeforeModesTestExecutionListener, org.springframework.test.context.support.DependencyInjectionTestExecutionListener, org.springframework.test.context.support.DirtiesContextTestExecutionListener, org.springframework.test.context.transaction.TransactionalTestExecutionListener, org.springframework.test.context.jdbc.SqlScriptsTestExecutionListener, org.springframework.test.context.event.EventPublishingTestExecutionListener]
2020-07-16 12:29:20,707 INFO o.s.t.c.s.AbstractTestContextBootstrapper [Test worker] Using TestExecutionListeners: [org.springframework.test.context.web.ServletTestExecutionListener@6c8c6cd5, org.springframework.test.context.support.DirtiesContextBeforeModesTestExecutionListener@47227de2, org.springframework.boot.test.mock.mockito.MockitoTestExecutionListener@2da68d95, org.springframework.boot.test.autoconfigure.SpringBootDependencyInjectionTestExecutionListener@4ed2a706, org.springframework.test.context.support.DirtiesContextTestExecutionListener@413780cd, org.springframework.security.test.context.support.WithSecurityContextTestExecutionListener@152e2864, org.springframework.test.context.event.EventPublishingTestExecutionListener@cfdd571, org.springframework.security.test.context.support.ReactorContextTestExecutionListener@57ccb97f, org.springframework.boot.test.autoconfigure.restdocs.RestDocsTestExecutionListener@2a006aa3, org.springframework.boot.test.autoconfigure.web.client.MockRestServiceServerResetTestExecutionListener@4e891a8f, org.springframework.boot.test.autoconfigure.web.servlet.MockMvcPrintOnlyOnFailureTestExecutionListener@2cbd1872, org.springframework.boot.test.autoconfigure.web.servlet.WebDriverTestExecutionListener@1e885bdb, org.springframework.boot.test.mock.mockito.ResetMocksTestExecutionListener@37747fdb]
2020-07-16 12:29:20,981 INFO o.s.t.c.s.AbstractTestContextBootstrapper [Test worker] Neither @ContextConfiguration nor @ContextHierarchy found for test class [CSCI5308.GroupFormationTool.UserAuthentication.UserNotificationTest], using SpringBootContextLoader
2020-07-16 12:29:20,983 INFO o.s.t.c.s.AbstractContextLoader [Test worker] Could not detect default resource locations for test class [CSCI5308.GroupFormationTool.UserAuthentication.UserNotificationTest]: no resource found for suffixes {-context.xml, Context.groovy}.
2020-07-16 12:29:20,986 INFO o.s.t.c.s.AnnotationConfigContextLoaderUtils [Test worker] Could not detect default configuration classes for test class [CSCI5308.GroupFormationTool.UserAuthentication.UserNotificationTest]: UserNotificationTest does not declare any static, non-private, non-final, nested classes annotated with @Configuration.
2020-07-16 12:29:21,049 INFO o.s.b.t.c.SpringBootTestContextBootstrapper [Test worker] Found @SpringBootConfiguration CSCI5308.GroupFormationTool.GroupFormationToolApplication for test class CSCI5308.GroupFormationTool.UserAuthentication.UserNotificationTest
2020-07-16 12:29:21,055 INFO o.s.t.c.s.AbstractTestContextBootstrapper [Test worker] Loaded default TestExecutionListener class names from location [META-INF/spring.factories]: [org.springframework.security.test.context.support.WithSecurityContextTestExecutionListener, org.springframework.security.test.context.support.ReactorContextTestExecutionListener, org.springframework.boot.test.autoconfigure.restdocs.RestDocsTestExecutionListener, org.springframework.boot.test.autoconfigure.web.client.MockRestServiceServerResetTestExecutionListener, org.springframework.boot.test.autoconfigure.web.servlet.MockMvcPrintOnlyOnFailureTestExecutionListener, org.springframework.boot.test.autoconfigure.web.servlet.WebDriverTestExecutionListener, org.springframework.boot.test.mock.mockito.MockitoTestExecutionListener, org.springframework.boot.test.mock.mockito.ResetMocksTestExecutionListener, org.springframework.test.context.web.ServletTestExecutionListener, org.springframework.test.context.support.DirtiesContextBeforeModesTestExecutionListener, org.springframework.test.context.support.DependencyInjectionTestExecutionListener, org.springframework.test.context.support.DirtiesContextTestExecutionListener, org.springframework.test.context.transaction.TransactionalTestExecutionListener, org.springframework.test.context.jdbc.SqlScriptsTestExecutionListener, org.springframework.test.context.event.EventPublishingTestExecutionListener]
2020-07-16 12:29:21,073 INFO o.s.t.c.s.AbstractTestContextBootstrapper [Test worker] Using TestExecutionListeners: [org.springframework.test.context.web.ServletTestExecutionListener@2eaef80f, org.springframework.test.context.support.DirtiesContextBeforeModesTestExecutionListener@7c8c0832, org.springframework.boot.test.mock.mockito.MockitoTestExecutionListener@4b976e54, org.springframework.boot.test.autoconfigure.SpringBootDependencyInjectionTestExecutionListener@27c26347, org.springframework.test.context.support.DirtiesContextTestExecutionListener@7ef59930, org.springframework.security.test.context.support.WithSecurityContextTestExecutionListener@62a4d344, org.springframework.test.context.event.EventPublishingTestExecutionListener@1231f48a, org.springframework.security.test.context.support.ReactorContextTestExecutionListener@265d75d0, org.springframework.boot.test.autoconfigure.restdocs.RestDocsTestExecutionListener@74334432, org.springframework.boot.test.autoconfigure.web.client.MockRestServiceServerResetTestExecutionListener@30499703, org.springframework.boot.test.autoconfigure.web.servlet.MockMvcPrintOnlyOnFailureTestExecutionListener@2d41b024, org.springframework.boot.test.autoconfigure.web.servlet.WebDriverTestExecutionListener@60ffb3a9, org.springframework.boot.test.mock.mockito.ResetMocksTestExecutionListener@e837950]
2020-07-16 12:29:21,183 INFO o.s.t.c.s.AbstractTestContextBootstrapper [Test worker] Neither @ContextConfiguration nor @ContextHierarchy found for test class [CSCI5308.GroupFormationTool.UserManager.UserModelTest], using SpringBootContextLoader
2020-07-16 12:29:21,185 INFO o.s.t.c.s.AbstractContextLoader [Test worker] Could not detect default resource locations for test class [CSCI5308.GroupFormationTool.UserManager.UserModelTest]: no resource found for suffixes {-context.xml, Context.groovy}.
2020-07-16 12:29:21,186 INFO o.s.t.c.s.AnnotationConfigContextLoaderUtils [Test worker] Could not detect default configuration classes for test class [CSCI5308.GroupFormationTool.UserManager.UserModelTest]: UserModelTest does not declare any static, non-private, non-final, nested classes annotated with @Configuration.
2020-07-16 12:29:21,228 INFO o.s.b.t.c.SpringBootTestContextBootstrapper [Test worker] Found @SpringBootConfiguration CSCI5308.GroupFormationTool.GroupFormationToolApplication for test class CSCI5308.GroupFormationTool.UserManager.UserModelTest
2020-07-16 12:29:21,232 INFO o.s.t.c.s.AbstractTestContextBootstrapper [Test worker] Loaded default TestExecutionListener class names from location [META-INF/spring.factories]: [org.springframework.security.test.context.support.WithSecurityContextTestExecutionListener, org.springframework.security.test.context.support.ReactorContextTestExecutionListener, org.springframework.boot.test.autoconfigure.restdocs.RestDocsTestExecutionListener, org.springframework.boot.test.autoconfigure.web.client.MockRestServiceServerResetTestExecutionListener, org.springframework.boot.test.autoconfigure.web.servlet.MockMvcPrintOnlyOnFailureTestExecutionListener, org.springframework.boot.test.autoconfigure.web.servlet.WebDriverTestExecutionListener, org.springframework.boot.test.mock.mockito.MockitoTestExecutionListener, org.springframework.boot.test.mock.mockito.ResetMocksTestExecutionListener, org.springframework.test.context.web.ServletTestExecutionListener, org.springframework.test.context.support.DirtiesContextBeforeModesTestExecutionListener, org.springframework.test.context.support.DependencyInjectionTestExecutionListener, org.springframework.test.context.support.DirtiesContextTestExecutionListener, org.springframework.test.context.transaction.TransactionalTestExecutionListener, org.springframework.test.context.jdbc.SqlScriptsTestExecutionListener, org.springframework.test.context.event.EventPublishingTestExecutionListener]
2020-07-16 12:29:21,236 INFO o.s.t.c.s.AbstractTestContextBootstrapper [Test worker] Using TestExecutionListeners: [org.springframework.test.context.web.ServletTestExecutionListener@58f1a19e, org.springframework.test.context.support.DirtiesContextBeforeModesTestExecutionListener@78789369, org.springframework.boot.test.mock.mockito.MockitoTestExecutionListener@397729eb, org.springframework.boot.test.autoconfigure.SpringBootDependencyInjectionTestExecutionListener@81e7c72, org.springframework.test.context.support.DirtiesContextTestExecutionListener@5db6c1be, org.springframework.security.test.context.support.WithSecurityContextTestExecutionListener@61e9e2ba, org.springframework.test.context.event.EventPublishingTestExecutionListener@61d1a71d, org.springframework.security.test.context.support.ReactorContextTestExecutionListener@1a57bab9, org.springframework.boot.test.autoconfigure.restdocs.RestDocsTestExecutionListener@7187337c, org.springframework.boot.test.autoconfigure.web.client.MockRestServiceServerResetTestExecutionListener@5f55f3c4, org.springframework.boot.test.autoconfigure.web.servlet.MockMvcPrintOnlyOnFailureTestExecutionListener@33505e7c, org.springframework.boot.test.autoconfigure.web.servlet.WebDriverTestExecutionListener@1475b8dd, org.springframework.boot.test.mock.mockito.ResetMocksTestExecutionListener@5c2175fc]
2020-07-16 12:29:21,370 INFO o.s.t.c.s.AbstractTestContextBootstrapper [Test worker] Neither @ContextConfiguration nor @ContextHierarchy found for test class [CSCI5308.GroupFormationTool.UserManager.UserRepositoryTest], using SpringBootContextLoader
2020-07-16 12:29:21,373 INFO o.s.t.c.s.AbstractContextLoader [Test worker] Could not detect default resource locations for test class [CSCI5308.GroupFormationTool.UserManager.UserRepositoryTest]: no resource found for suffixes {-context.xml, Context.groovy}.
2020-07-16 12:29:21,377 INFO o.s.t.c.s.AnnotationConfigContextLoaderUtils [Test worker] Could not detect default configuration classes for test class [CSCI5308.GroupFormationTool.UserManager.UserRepositoryTest]: UserRepositoryTest does not declare any static, non-private, non-final, nested classes annotated with @Configuration.
2020-07-16 12:29:21,383 INFO o.s.b.t.c.SpringBootTestContextBootstrapper [Test worker] Found @SpringBootConfiguration CSCI5308.GroupFormationTool.GroupFormationToolApplication for test class CSCI5308.GroupFormationTool.UserManager.UserRepositoryTest
2020-07-16 12:29:21,389 INFO o.s.t.c.s.AbstractTestContextBootstrapper [Test worker] Loaded default TestExecutionListener class names from location [META-INF/spring.factories]: [org.springframework.security.test.context.support.WithSecurityContextTestExecutionListener, org.springframework.security.test.context.support.ReactorContextTestExecutionListener, org.springframework.boot.test.autoconfigure.restdocs.RestDocsTestExecutionListener, org.springframework.boot.test.autoconfigure.web.client.MockRestServiceServerResetTestExecutionListener, org.springframework.boot.test.autoconfigure.web.servlet.MockMvcPrintOnlyOnFailureTestExecutionListener, org.springframework.boot.test.autoconfigure.web.servlet.WebDriverTestExecutionListener, org.springframework.boot.test.mock.mockito.MockitoTestExecutionListener, org.springframework.boot.test.mock.mockito.ResetMocksTestExecutionListener, org.springframework.test.context.web.ServletTestExecutionListener, org.springframework.test.context.support.DirtiesContextBeforeModesTestExecutionListener, org.springframework.test.context.support.DependencyInjectionTestExecutionListener, org.springframework.test.context.support.DirtiesContextTestExecutionListener, org.springframework.test.context.transaction.TransactionalTestExecutionListener, org.springframework.test.context.jdbc.SqlScriptsTestExecutionListener, org.springframework.test.context.event.EventPublishingTestExecutionListener]
2020-07-16 12:29:21,394 INFO o.s.t.c.s.AbstractTestContextBootstrapper [Test worker] Using TestExecutionListeners: [org.springframework.test.context.web.ServletTestExecutionListener@2c1a666f, org.springframework.test.context.support.DirtiesContextBeforeModesTestExecutionListener@1d886e2e, org.springframework.boot.test.mock.mockito.MockitoTestExecutionListener@24829e12, org.springframework.boot.test.autoconfigure.SpringBootDependencyInjectionTestExecutionListener@735b81eb, org.springframework.test.context.support.DirtiesContextTestExecutionListener@c0db8f1, org.springframework.security.test.context.support.WithSecurityContextTestExecutionListener@522a5e40, org.springframework.test.context.event.EventPublishingTestExecutionListener@62683819, org.springframework.security.test.context.support.ReactorContextTestExecutionListener@4d93a966, org.springframework.boot.test.autoconfigure.restdocs.RestDocsTestExecutionListener@2c385a15, org.springframework.boot.test.autoconfigure.web.client.MockRestServiceServerResetTestExecutionListener@2c60d98c, org.springframework.boot.test.autoconfigure.web.servlet.MockMvcPrintOnlyOnFailureTestExecutionListener@f6b94e9, org.springframework.boot.test.autoconfigure.web.servlet.WebDriverTestExecutionListener@5f63d4fb, org.springframework.boot.test.mock.mockito.ResetMocksTestExecutionListener@3165d5f0]
2020-07-16 12:29:21,493 INFO o.s.t.c.s.AbstractTestContextBootstrapper [Test worker] Neither @ContextConfiguration nor @ContextHierarchy found for test class [CSCI5308.GroupFormationTool.UserManager.UserServiceTest], using SpringBootContextLoader
2020-07-16 12:29:21,496 INFO o.s.t.c.s.AbstractContextLoader [Test worker] Could not detect default resource locations for test class [CSCI5308.GroupFormationTool.UserManager.UserServiceTest]: no resource found for suffixes {-context.xml, Context.groovy}.
2020-07-16 12:29:21,503 INFO o.s.t.c.s.AnnotationConfigContextLoaderUtils [Test worker] Could not detect default configuration classes for test class [CSCI5308.GroupFormationTool.UserManager.UserServiceTest]: UserServiceTest does not declare any static, non-private, non-final, nested classes annotated with @Configuration.
2020-07-16 12:29:21,513 INFO o.s.b.t.c.SpringBootTestContextBootstrapper [Test worker] Found @SpringBootConfiguration CSCI5308.GroupFormationTool.GroupFormationToolApplication for test class CSCI5308.GroupFormationTool.UserManager.UserServiceTest
2020-07-16 12:29:21,546 INFO o.s.t.c.s.AbstractTestContextBootstrapper [Test worker] Loaded default TestExecutionListener class names from location [META-INF/spring.factories]: [org.springframework.security.test.context.support.WithSecurityContextTestExecutionListener, org.springframework.security.test.context.support.ReactorContextTestExecutionListener, org.springframework.boot.test.autoconfigure.restdocs.RestDocsTestExecutionListener, org.springframework.boot.test.autoconfigure.web.client.MockRestServiceServerResetTestExecutionListener, org.springframework.boot.test.autoconfigure.web.servlet.MockMvcPrintOnlyOnFailureTestExecutionListener, org.springframework.boot.test.autoconfigure.web.servlet.WebDriverTestExecutionListener, org.springframework.boot.test.mock.mockito.MockitoTestExecutionListener, org.springframework.boot.test.mock.mockito.ResetMocksTestExecutionListener, org.springframework.test.context.web.ServletTestExecutionListener, org.springframework.test.context.support.DirtiesContextBeforeModesTestExecutionListener, org.springframework.test.context.support.DependencyInjectionTestExecutionListener, org.springframework.test.context.support.DirtiesContextTestExecutionListener, org.springframework.test.context.transaction.TransactionalTestExecutionListener, org.springframework.test.context.jdbc.SqlScriptsTestExecutionListener, org.springframework.test.context.event.EventPublishingTestExecutionListener]
2020-07-16 12:29:21,553 INFO o.s.t.c.s.AbstractTestContextBootstrapper [Test worker] Using TestExecutionListeners: [org.springframework.test.context.web.ServletTestExecutionListener@1b63c6e9, org.springframework.test.context.support.DirtiesContextBeforeModesTestExecutionListener@48fcc5b0, org.springframework.boot.test.mock.mockito.MockitoTestExecutionListener@9f91458, org.springframework.boot.test.autoconfigure.SpringBootDependencyInjectionTestExecutionListener@162c8ac2, org.springframework.test.context.support.DirtiesContextTestExecutionListener@13fd5260, org.springframework.security.test.context.support.WithSecurityContextTestExecutionListener@3d02d4ea, org.springframework.test.context.event.EventPublishingTestExecutionListener@7c984cc6, org.springframework.security.test.context.support.ReactorContextTestExecutionListener@e90a30d, org.springframework.boot.test.autoconfigure.restdocs.RestDocsTestExecutionListener@77879eed, org.springframework.boot.test.autoconfigure.web.client.MockRestServiceServerResetTestExecutionListener@5c89b173, org.springframework.boot.test.autoconfigure.web.servlet.MockMvcPrintOnlyOnFailureTestExecutionListener@62c92858, org.springframework.boot.test.autoconfigure.web.servlet.WebDriverTestExecutionListener@69ca67c7, org.springframework.boot.test.mock.mockito.ResetMocksTestExecutionListener@22f1fce5]
2020-07-16 12:29:21,599 INFO o.s.s.c.ExecutorConfigurationSupport [SpringContextShutdownHook] Shutting down ExecutorService 'applicationTaskExecutor'
